[2020-08-06 16:54:44] -- [INFO ]: [com.oyhp.demo.jacoco.service.MyServiceIntegrationTest] -- Starting MyServiceIntegrationTest on DESKTOP-NIPIBES with PID 7592 (started by OYHP in H:\Coder\Jacoco)
[2020-08-06 16:54:44] -- [INFO ]: [com.oyhp.demo.jacoco.service.MyServiceIntegrationTest] -- No active profile set, falling back to default profiles: default
[2020-08-06 16:54:52] -- [INFO ]: [org.apache.coyote.http11.Http11NioProtocol] -- Initializing ProtocolHandler ["http-nio-auto-1"]
[2020-08-06 16:54:52] -- [INFO ]: [org.apache.catalina.core.StandardService] -- Starting service [Tomcat]
[2020-08-06 16:54:52] -- [INFO ]: [org.apache.catalina.core.StandardEngine] -- Starting Servlet engine: [Apache Tomcat/9.0.36]
[2020-08-06 16:54:52] -- [INFO ]: [org.apache.catalina.core.AprLifecycleListener] -- Loaded Apache Tomcat Native library [1.2.23] using APR version [1.7.0].
[2020-08-06 16:54:52] -- [INFO ]: [org.apache.catalina.core.AprLifecycleListener] -- APR capabilities: IPv6 [true], sendfile [true], accept filters [false], random [true].
[2020-08-06 16:54:52] -- [INFO ]: [org.apache.catalina.core.AprLifecycleListener] -- APR/OpenSSL configuration: useAprConnector [false], useOpenSSL [true]
[2020-08-06 16:54:52] -- [INFO ]: [org.apache.catalina.core.AprLifecycleListener] -- OpenSSL successfully initialized [OpenSSL 1.1.1c  28 May 2019]
[2020-08-06 16:54:53] -- [INFO ]: [org.apache.catalina.core.ContainerBase.[Tomcat].[localhost].[/]] -- Initializing Spring embedded WebApplicationContext
[2020-08-06 16:54:53] -- [INFO ]: [com.zaxxer.hikari.HikariDataSource] -- HikariPool-1 - Starting...
[2020-08-06 16:54:56] -- [INFO ]: [com.zaxxer.hikari.HikariDataSource] -- HikariPool-1 - Start completed.
[2020-08-06 16:55:00] -- [INFO ]: [org.flywaydb.core.internal.license.VersionPrinter] -- Flyway Community Edition 5.2.4 by Boxfuse
[2020-08-06 16:55:01] -- [INFO ]: [org.flywaydb.core.internal.database.DatabaseFactory] -- Database: jdbc:h2:mem:test (H2 1.4)
[2020-08-06 16:55:01] -- [INFO ]: [org.flywaydb.core.internal.command.DbValidate] -- Successfully validated 2 migrations (execution time 00:00.122s)
[2020-08-06 16:55:01] -- [INFO ]: [org.flywaydb.core.internal.schemahistory.JdbcTableSchemaHistory] -- Creating Schema History table: "PUBLIC"."flyway_schema_history"
[2020-08-06 16:55:01] -- [INFO ]: [org.flywaydb.core.internal.command.DbMigrate] -- Current version of schema "PUBLIC": << Empty Schema >>
[2020-08-06 16:55:01] -- [INFO ]: [org.flywaydb.core.internal.command.DbMigrate] -- Migrating schema "PUBLIC" to version 1.2 - Create  Category
[2020-08-06 16:55:02] -- [INFO ]: [org.flywaydb.core.internal.command.DbMigrate] -- Migrating schema "PUBLIC" to version 1.3 - Create  Test
[2020-08-06 16:55:02] -- [INFO ]: [org.flywaydb.core.internal.command.DbMigrate] -- Successfully applied 2 migrations to schema "PUBLIC" (execution time 00:00.452s)
[2020-08-06 16:55:04] -- [INFO ]: [org.apache.coyote.http11.Http11NioProtocol] -- Starting ProtocolHandler ["http-nio-auto-1"]
[2020-08-06 16:55:04] -- [INFO ]: [com.oyhp.demo.jacoco.service.MyServiceIntegrationTest] -- Started MyServiceIntegrationTest in 21.418 seconds (JVM running for 25.425)
[2020-08-06 16:55:06] -- [INFO ]: [org.apache.catalina.core.ContainerBase.[Tomcat].[localhost].[/]] -- Initializing Spring TestDispatcherServlet ''
[2020-08-06 16:55:06] -- [INFO ]: [org.apache.catalina.core.ContainerBase.[Tomcat].[localhost].[/]] -- Initializing Spring TestDispatcherServlet ''
[2020-08-06 16:55:07] -- [INFO ]: [org.apache.catalina.core.ContainerBase.[Tomcat].[localhost].[/]] -- Initializing Spring TestDispatcherServlet ''
[2020-08-06 16:55:09] -- [INFO ]: [com.zaxxer.hikari.HikariDataSource] -- HikariPool-1 - Shutdown initiated...
[2020-08-06 16:55:09] -- [INFO ]: [com.zaxxer.hikari.HikariDataSource] -- HikariPool-1 - Shutdown completed.
[2020-08-06 16:56:16] -- [INFO ]: [com.oyhp.demo.jacoco.service.MyServiceIntegrationTest] -- Starting MyServiceIntegrationTest on DESKTOP-NIPIBES with PID 3664 (started by OYHP in H:\Coder\Jacoco)
[2020-08-06 16:56:16] -- [INFO ]: [com.oyhp.demo.jacoco.service.MyServiceIntegrationTest] -- No active profile set, falling back to default profiles: default
[2020-08-06 16:56:21] -- [INFO ]: [org.apache.coyote.http11.Http11NioProtocol] -- Initializing ProtocolHandler ["http-nio-auto-1"]
[2020-08-06 16:56:21] -- [INFO ]: [org.apache.catalina.core.StandardService] -- Starting service [Tomcat]
[2020-08-06 16:56:21] -- [INFO ]: [org.apache.catalina.core.StandardEngine] -- Starting Servlet engine: [Apache Tomcat/9.0.36]
[2020-08-06 16:56:21] -- [INFO ]: [org.apache.catalina.core.AprLifecycleListener] -- Loaded Apache Tomcat Native library [1.2.23] using APR version [1.7.0].
[2020-08-06 16:56:21] -- [INFO ]: [org.apache.catalina.core.AprLifecycleListener] -- APR capabilities: IPv6 [true], sendfile [true], accept filters [false], random [true].
[2020-08-06 16:56:21] -- [INFO ]: [org.apache.catalina.core.AprLifecycleListener] -- APR/OpenSSL configuration: useAprConnector [false], useOpenSSL [true]
[2020-08-06 16:56:21] -- [INFO ]: [org.apache.catalina.core.AprLifecycleListener] -- OpenSSL successfully initialized [OpenSSL 1.1.1c  28 May 2019]
[2020-08-06 16:56:21] -- [INFO ]: [org.apache.catalina.core.ContainerBase.[Tomcat].[localhost].[/]] -- Initializing Spring embedded WebApplicationContext
[2020-08-06 16:56:22] -- [INFO ]: [com.zaxxer.hikari.HikariDataSource] -- HikariPool-1 - Starting...
[2020-08-06 16:56:22] -- [INFO ]: [com.zaxxer.hikari.HikariDataSource] -- HikariPool-1 - Start completed.
[2020-08-06 16:56:24] -- [INFO ]: [org.flywaydb.core.internal.license.VersionPrinter] -- Flyway Community Edition 5.2.4 by Boxfuse
[2020-08-06 16:56:24] -- [INFO ]: [org.flywaydb.core.internal.database.DatabaseFactory] -- Database: jdbc:h2:mem:test (H2 1.4)
[2020-08-06 16:56:25] -- [INFO ]: [org.flywaydb.core.internal.command.DbValidate] -- Successfully validated 2 migrations (execution time 00:00.261s)
[2020-08-06 16:56:25] -- [INFO ]: [org.flywaydb.core.internal.schemahistory.JdbcTableSchemaHistory] -- Creating Schema History table: "PUBLIC"."flyway_schema_history"
[2020-08-06 16:56:25] -- [INFO ]: [org.flywaydb.core.internal.command.DbMigrate] -- Current version of schema "PUBLIC": << Empty Schema >>
[2020-08-06 16:56:25] -- [INFO ]: [org.flywaydb.core.internal.command.DbMigrate] -- Migrating schema "PUBLIC" to version 1.2 - Create  Category
[2020-08-06 16:56:25] -- [INFO ]: [org.flywaydb.core.internal.command.DbMigrate] -- Migrating schema "PUBLIC" to version 1.3 - Create  Test
[2020-08-06 16:56:25] -- [INFO ]: [org.flywaydb.core.internal.command.DbMigrate] -- Successfully applied 2 migrations to schema "PUBLIC" (execution time 00:00.322s)
[2020-08-06 16:56:28] -- [INFO ]: [org.apache.coyote.http11.Http11NioProtocol] -- Starting ProtocolHandler ["http-nio-auto-1"]
[2020-08-06 16:56:28] -- [INFO ]: [com.oyhp.demo.jacoco.service.MyServiceIntegrationTest] -- Started MyServiceIntegrationTest in 13.219 seconds (JVM running for 16.724)
[2020-08-06 16:56:29] -- [INFO ]: [org.apache.catalina.core.ContainerBase.[Tomcat].[localhost].[/]] -- Initializing Spring TestDispatcherServlet ''
[2020-08-06 16:56:29] -- [INFO ]: [org.apache.catalina.core.ContainerBase.[Tomcat].[localhost].[/]] -- Initializing Spring TestDispatcherServlet ''
[2020-08-06 16:56:30] -- [INFO ]: [org.apache.catalina.core.ContainerBase.[Tomcat].[localhost].[/]] -- Initializing Spring TestDispatcherServlet ''
[2020-08-06 16:56:31] -- [INFO ]: [com.zaxxer.hikari.HikariDataSource] -- HikariPool-1 - Shutdown initiated...
[2020-08-06 16:56:31] -- [INFO ]: [com.zaxxer.hikari.HikariDataSource] -- HikariPool-1 - Shutdown completed.
[2020-08-06 16:57:27] -- [INFO ]: [com.oyhp.demo.jacoco.service.MyServiceIntegrationTest] -- Starting MyServiceIntegrationTest on DESKTOP-NIPIBES with PID 2580 (started by OYHP in H:\Coder\Jacoco)
[2020-08-06 16:57:27] -- [INFO ]: [com.oyhp.demo.jacoco.service.MyServiceIntegrationTest] -- No active profile set, falling back to default profiles: default
[2020-08-06 16:57:31] -- [INFO ]: [org.apache.coyote.http11.Http11NioProtocol] -- Initializing ProtocolHandler ["http-nio-auto-1"]
[2020-08-06 16:57:31] -- [INFO ]: [org.apache.catalina.core.StandardService] -- Starting service [Tomcat]
[2020-08-06 16:57:31] -- [INFO ]: [org.apache.catalina.core.StandardEngine] -- Starting Servlet engine: [Apache Tomcat/9.0.36]
[2020-08-06 16:57:31] -- [INFO ]: [org.apache.catalina.core.AprLifecycleListener] -- Loaded Apache Tomcat Native library [1.2.23] using APR version [1.7.0].
[2020-08-06 16:57:31] -- [INFO ]: [org.apache.catalina.core.AprLifecycleListener] -- APR capabilities: IPv6 [true], sendfile [true], accept filters [false], random [true].
[2020-08-06 16:57:31] -- [INFO ]: [org.apache.catalina.core.AprLifecycleListener] -- APR/OpenSSL configuration: useAprConnector [false], useOpenSSL [true]
[2020-08-06 16:57:31] -- [INFO ]: [org.apache.catalina.core.AprLifecycleListener] -- OpenSSL successfully initialized [OpenSSL 1.1.1c  28 May 2019]
[2020-08-06 16:57:32] -- [INFO ]: [org.apache.catalina.core.ContainerBase.[Tomcat].[localhost].[/]] -- Initializing Spring embedded WebApplicationContext
[2020-08-06 16:57:32] -- [INFO ]: [com.zaxxer.hikari.HikariDataSource] -- HikariPool-1 - Starting...
[2020-08-06 16:57:32] -- [INFO ]: [com.zaxxer.hikari.HikariDataSource] -- HikariPool-1 - Start completed.
[2020-08-06 16:57:35] -- [INFO ]: [org.flywaydb.core.internal.license.VersionPrinter] -- Flyway Community Edition 5.2.4 by Boxfuse
[2020-08-06 16:57:35] -- [INFO ]: [org.flywaydb.core.internal.database.DatabaseFactory] -- Database: jdbc:h2:mem:test (H2 1.4)
[2020-08-06 16:57:35] -- [INFO ]: [org.flywaydb.core.internal.command.DbValidate] -- Successfully validated 2 migrations (execution time 00:00.121s)
[2020-08-06 16:57:35] -- [INFO ]: [org.flywaydb.core.internal.schemahistory.JdbcTableSchemaHistory] -- Creating Schema History table: "PUBLIC"."flyway_schema_history"
[2020-08-06 16:57:35] -- [INFO ]: [org.flywaydb.core.internal.command.DbMigrate] -- Current version of schema "PUBLIC": << Empty Schema >>
[2020-08-06 16:57:35] -- [INFO ]: [org.flywaydb.core.internal.command.DbMigrate] -- Migrating schema "PUBLIC" to version 1.2 - Create  Category
[2020-08-06 16:57:35] -- [INFO ]: [org.flywaydb.core.internal.command.DbMigrate] -- Migrating schema "PUBLIC" to version 1.3 - Create  Test
[2020-08-06 16:57:35] -- [INFO ]: [org.flywaydb.core.internal.command.DbMigrate] -- Successfully applied 2 migrations to schema "PUBLIC" (execution time 00:00.294s)
[2020-08-06 16:57:38] -- [INFO ]: [org.apache.coyote.http11.Http11NioProtocol] -- Starting ProtocolHandler ["http-nio-auto-1"]
[2020-08-06 16:57:39] -- [INFO ]: [com.oyhp.demo.jacoco.service.MyServiceIntegrationTest] -- Started MyServiceIntegrationTest in 12.654 seconds (JVM running for 15.325)
[2020-08-06 16:57:39] -- [INFO ]: [org.apache.catalina.core.ContainerBase.[Tomcat].[localhost].[/]] -- Initializing Spring TestDispatcherServlet ''
[2020-08-06 16:57:39] -- [INFO ]: [org.apache.catalina.core.ContainerBase.[Tomcat].[localhost].[/]] -- Initializing Spring TestDispatcherServlet ''
[2020-08-06 16:57:39] -- [INFO ]: [org.apache.catalina.core.ContainerBase.[Tomcat].[localhost].[/]] -- Initializing Spring TestDispatcherServlet ''
[2020-08-06 16:57:41] -- [INFO ]: [com.zaxxer.hikari.HikariDataSource] -- HikariPool-1 - Shutdown initiated...
[2020-08-06 16:57:41] -- [INFO ]: [com.zaxxer.hikari.HikariDataSource] -- HikariPool-1 - Shutdown completed.
[2020-08-06 16:58:06] -- [INFO ]: [com.oyhp.demo.jacoco.service.MyServiceIntegrationTest] -- Starting MyServiceIntegrationTest on DESKTOP-NIPIBES with PID 1144 (started by OYHP in H:\Coder\Jacoco)
[2020-08-06 16:58:06] -- [INFO ]: [com.oyhp.demo.jacoco.service.MyServiceIntegrationTest] -- No active profile set, falling back to default profiles: default
[2020-08-06 16:58:10] -- [INFO ]: [org.apache.coyote.http11.Http11NioProtocol] -- Initializing ProtocolHandler ["http-nio-auto-1"]
[2020-08-06 16:58:10] -- [INFO ]: [org.apache.catalina.core.StandardService] -- Starting service [Tomcat]
[2020-08-06 16:58:10] -- [INFO ]: [org.apache.catalina.core.StandardEngine] -- Starting Servlet engine: [Apache Tomcat/9.0.36]
[2020-08-06 16:58:10] -- [INFO ]: [org.apache.catalina.core.AprLifecycleListener] -- Loaded Apache Tomcat Native library [1.2.23] using APR version [1.7.0].
[2020-08-06 16:58:10] -- [INFO ]: [org.apache.catalina.core.AprLifecycleListener] -- APR capabilities: IPv6 [true], sendfile [true], accept filters [false], random [true].
[2020-08-06 16:58:10] -- [INFO ]: [org.apache.catalina.core.AprLifecycleListener] -- APR/OpenSSL configuration: useAprConnector [false], useOpenSSL [true]
[2020-08-06 16:58:10] -- [INFO ]: [org.apache.catalina.core.AprLifecycleListener] -- OpenSSL successfully initialized [OpenSSL 1.1.1c  28 May 2019]
[2020-08-06 16:58:10] -- [INFO ]: [org.apache.catalina.core.ContainerBase.[Tomcat].[localhost].[/]] -- Initializing Spring embedded WebApplicationContext
[2020-08-06 16:58:10] -- [INFO ]: [com.zaxxer.hikari.HikariDataSource] -- HikariPool-1 - Starting...
[2020-08-06 16:58:11] -- [INFO ]: [com.zaxxer.hikari.HikariDataSource] -- HikariPool-1 - Start completed.
[2020-08-06 16:58:13] -- [INFO ]: [org.flywaydb.core.internal.license.VersionPrinter] -- Flyway Community Edition 5.2.4 by Boxfuse
[2020-08-06 16:58:13] -- [INFO ]: [org.flywaydb.core.internal.database.DatabaseFactory] -- Database: jdbc:h2:mem:test (H2 1.4)
[2020-08-06 16:58:13] -- [INFO ]: [org.flywaydb.core.internal.command.DbValidate] -- Successfully validated 2 migrations (execution time 00:00.047s)
[2020-08-06 16:58:13] -- [INFO ]: [org.flywaydb.core.internal.schemahistory.JdbcTableSchemaHistory] -- Creating Schema History table: "PUBLIC"."flyway_schema_history"
[2020-08-06 16:58:13] -- [INFO ]: [org.flywaydb.core.internal.command.DbMigrate] -- Current version of schema "PUBLIC": << Empty Schema >>
[2020-08-06 16:58:13] -- [INFO ]: [org.flywaydb.core.internal.command.DbMigrate] -- Migrating schema "PUBLIC" to version 1.2 - Create  Category
[2020-08-06 16:58:13] -- [INFO ]: [org.flywaydb.core.internal.command.DbMigrate] -- Migrating schema "PUBLIC" to version 1.3 - Create  Test
[2020-08-06 16:58:13] -- [INFO ]: [org.flywaydb.core.internal.command.DbMigrate] -- Successfully applied 2 migrations to schema "PUBLIC" (execution time 00:00.407s)
[2020-08-06 16:58:15] -- [INFO ]: [org.apache.coyote.http11.Http11NioProtocol] -- Starting ProtocolHandler ["http-nio-auto-1"]
[2020-08-06 16:58:15] -- [INFO ]: [com.oyhp.demo.jacoco.service.MyServiceIntegrationTest] -- Started MyServiceIntegrationTest in 11.059 seconds (JVM running for 13.052)
[2020-08-06 16:58:16] -- [INFO ]: [org.apache.catalina.core.ContainerBase.[Tomcat].[localhost].[/]] -- Initializing Spring TestDispatcherServlet ''
[2020-08-06 16:58:16] -- [INFO ]: [org.apache.catalina.core.ContainerBase.[Tomcat].[localhost].[/]] -- Initializing Spring TestDispatcherServlet ''
[2020-08-06 16:58:17] -- [INFO ]: [org.apache.catalina.core.ContainerBase.[Tomcat].[localhost].[/]] -- Initializing Spring TestDispatcherServlet ''
[2020-08-06 16:58:18] -- [INFO ]: [com.zaxxer.hikari.HikariDataSource] -- HikariPool-1 - Shutdown initiated...
[2020-08-06 16:58:18] -- [INFO ]: [com.zaxxer.hikari.HikariDataSource] -- HikariPool-1 - Shutdown completed.
