[2020-08-06 16:54:44] -- [DEBUG]: [com.oyhp.demo.jacoco.service.MyServiceIntegrationTest] -- Running with Spring Boot v2.3.1.RELEASE, Spring v5.2.7.RELEASE
[2020-08-06 16:54:46] -- [DEBUG]: [org.mybatis.spring.boot.autoconfigure.MybatisAutoConfiguration] -- Searching for mappers annotated with @Mapper'
[2020-08-06 16:54:46] -- [DEBUG]: [org.mybatis.spring.boot.autoconfigure.MybatisAutoConfiguration] -- Using auto-configuration base package 'com.oyhp.demo.jacoco'
[2020-08-06 16:54:46] -- [DEBUG]: [org.mybatis.spring.mapper.ClassPathMapperScanner] -- Identified candidate component class: file [H:\Coder\Jacoco\target\classes\com\oyhp\demo\jacoco\mapper\CategoryMapper.class]
[2020-08-06 16:54:46] -- [DEBUG]: [org.mybatis.spring.mapper.ClassPathMapperScanner] -- Creating MapperFactoryBean with name 'categoryMapper' and 'com.oyhp.demo.jacoco.mapper.CategoryMapper' mapperInterface
[2020-08-06 16:54:46] -- [DEBUG]: [org.mybatis.spring.mapper.ClassPathMapperScanner] -- Enabling autowire by type for MapperFactoryBean with name 'categoryMapper'.
[2020-08-06 16:54:53] -- [DEBUG]: [com.zaxxer.hikari.HikariConfig] -- Driver class org.h2.Driver found in Thread context class loader TomcatEmbeddedWebappClassLoader
  context: ROOT
  delegate: true
----------> Parent Classloader:
sun.misc.Launcher$AppClassLoader@18b4aac2

[2020-08-06 16:54:53] -- [DEBUG]: [com.zaxxer.hikari.HikariConfig] -- HikariPool-1 - configuration:
[2020-08-06 16:54:53] -- [DEBUG]: [com.zaxxer.hikari.HikariConfig] -- allowPoolSuspension.............false
[2020-08-06 16:54:53] -- [DEBUG]: [com.zaxxer.hikari.HikariConfig] -- autoCommit......................true
[2020-08-06 16:54:53] -- [DEBUG]: [com.zaxxer.hikari.HikariConfig] -- catalog.........................none
[2020-08-06 16:54:53] -- [DEBUG]: [com.zaxxer.hikari.HikariConfig] -- connectionInitSql...............none
[2020-08-06 16:54:53] -- [DEBUG]: [com.zaxxer.hikari.HikariConfig] -- connectionTestQuery.............none
[2020-08-06 16:54:53] -- [DEBUG]: [com.zaxxer.hikari.HikariConfig] -- connectionTimeout...............30000
[2020-08-06 16:54:53] -- [DEBUG]: [com.zaxxer.hikari.HikariConfig] -- dataSource......................none
[2020-08-06 16:54:53] -- [DEBUG]: [com.zaxxer.hikari.HikariConfig] -- dataSourceClassName.............none
[2020-08-06 16:54:53] -- [DEBUG]: [com.zaxxer.hikari.HikariConfig] -- dataSourceJNDI..................none
[2020-08-06 16:54:53] -- [DEBUG]: [com.zaxxer.hikari.HikariConfig] -- dataSourceProperties............{password=<masked>}
[2020-08-06 16:54:53] -- [DEBUG]: [com.zaxxer.hikari.HikariConfig] -- driverClassName................."org.h2.Driver"
[2020-08-06 16:54:53] -- [DEBUG]: [com.zaxxer.hikari.HikariConfig] -- exceptionOverrideClassName......none
[2020-08-06 16:54:53] -- [DEBUG]: [com.zaxxer.hikari.HikariConfig] -- healthCheckProperties...........{}
[2020-08-06 16:54:53] -- [DEBUG]: [com.zaxxer.hikari.HikariConfig] -- healthCheckRegistry.............none
[2020-08-06 16:54:53] -- [DEBUG]: [com.zaxxer.hikari.HikariConfig] -- idleTimeout.....................600000
[2020-08-06 16:54:53] -- [DEBUG]: [com.zaxxer.hikari.HikariConfig] -- initializationFailTimeout.......1
[2020-08-06 16:54:53] -- [DEBUG]: [com.zaxxer.hikari.HikariConfig] -- isolateInternalQueries..........false
[2020-08-06 16:54:53] -- [DEBUG]: [com.zaxxer.hikari.HikariConfig] -- jdbcUrl.........................jdbc:h2:mem:test
[2020-08-06 16:54:53] -- [DEBUG]: [com.zaxxer.hikari.HikariConfig] -- leakDetectionThreshold..........0
[2020-08-06 16:54:53] -- [DEBUG]: [com.zaxxer.hikari.HikariConfig] -- maxLifetime.....................1800000
[2020-08-06 16:54:53] -- [DEBUG]: [com.zaxxer.hikari.HikariConfig] -- maximumPoolSize.................10
[2020-08-06 16:54:53] -- [DEBUG]: [com.zaxxer.hikari.HikariConfig] -- metricRegistry..................none
[2020-08-06 16:54:53] -- [DEBUG]: [com.zaxxer.hikari.HikariConfig] -- metricsTrackerFactory...........none
[2020-08-06 16:54:53] -- [DEBUG]: [com.zaxxer.hikari.HikariConfig] -- minimumIdle.....................10
[2020-08-06 16:54:53] -- [DEBUG]: [com.zaxxer.hikari.HikariConfig] -- password........................<masked>
[2020-08-06 16:54:53] -- [DEBUG]: [com.zaxxer.hikari.HikariConfig] -- poolName........................"HikariPool-1"
[2020-08-06 16:54:53] -- [DEBUG]: [com.zaxxer.hikari.HikariConfig] -- readOnly........................false
[2020-08-06 16:54:53] -- [DEBUG]: [com.zaxxer.hikari.HikariConfig] -- registerMbeans..................false
[2020-08-06 16:54:53] -- [DEBUG]: [com.zaxxer.hikari.HikariConfig] -- scheduledExecutor...............none
[2020-08-06 16:54:53] -- [DEBUG]: [com.zaxxer.hikari.HikariConfig] -- schema..........................none
[2020-08-06 16:54:53] -- [DEBUG]: [com.zaxxer.hikari.HikariConfig] -- threadFactory...................internal
[2020-08-06 16:54:53] -- [DEBUG]: [com.zaxxer.hikari.HikariConfig] -- transactionIsolation............default
[2020-08-06 16:54:53] -- [DEBUG]: [com.zaxxer.hikari.HikariConfig] -- username........................"test"
[2020-08-06 16:54:53] -- [DEBUG]: [com.zaxxer.hikari.HikariConfig] -- validationTimeout...............5000
[2020-08-06 16:54:57] -- [DEBUG]: [org.apache.ibatis.logging.LogFactory] -- Logging initialized using 'class org.apache.ibatis.logging.slf4j.Slf4jImpl' adapter.
[2020-08-06 16:54:57] -- [DEBUG]: [org.mybatis.spring.SqlSessionFactoryBean] -- Parsed configuration file: 'class path resource [mybatis/mybatis-config.xml]'
[2020-08-06 16:54:58] -- [DEBUG]: [org.mybatis.spring.SqlSessionFactoryBean] -- Parsed mapper file: 'file [H:\Coder\Jacoco\target\classes\mybatis\mapper\CategoryMapper.xml]'
[2020-08-06 16:55:00] -- [DEBUG]: [org.mybatis.spring.boot.autoconfigure.MybatisAutoConfiguration] -- No org.mybatis.spring.mapper.MapperFactoryBean found.
[2020-08-06 16:55:01] -- [DEBUG]: [org.flywaydb.core.internal.database.DatabaseFactory] -- Driver  : H2 JDBC Driver 1.4.199 (2019-03-13)
[2020-08-06 16:55:01] -- [DEBUG]: [org.flywaydb.core.Flyway] -- DDL Transactions Supported: false
[2020-08-06 16:55:01] -- [DEBUG]: [org.flywaydb.core.Flyway] -- Schema: PUBLIC
[2020-08-06 16:55:01] -- [DEBUG]: [org.flywaydb.core.internal.scanner.classpath.ClassPathScanner] -- Scanning for classpath resources at 'classpath:db/migration' ...
[2020-08-06 16:55:01] -- [DEBUG]: [org.flywaydb.core.internal.scanner.classpath.ClassPathScanner] -- Determining location urls for classpath:db/migration using ClassLoader sun.misc.Launcher$AppClassLoader@18b4aac2 ...
[2020-08-06 16:55:01] -- [DEBUG]: [org.flywaydb.core.internal.scanner.classpath.ClassPathScanner] -- Scanning URL: file:/H:/Coder/Jacoco/target/classes/db/migration
[2020-08-06 16:55:01] -- [DEBUG]: [org.flywaydb.core.internal.util.FeatureDetector] -- JBoss VFS v2 available: false
[2020-08-06 16:55:01] -- [DEBUG]: [org.flywaydb.core.internal.scanner.classpath.FileSystemClassPathLocationScanner] -- Scanning starting at classpath root in filesystem: H:\Coder\Jacoco\target\classes\
[2020-08-06 16:55:01] -- [DEBUG]: [org.flywaydb.core.internal.scanner.classpath.FileSystemClassPathLocationScanner] -- Scanning for resources in path: H:\Coder\Jacoco\target\classes\db\migration (db/migration)
[2020-08-06 16:55:01] -- [DEBUG]: [org.flywaydb.core.internal.scanner.classpath.ClassPathScanner] -- Found resource: db/migration/V1.2__Create__Category.sql
[2020-08-06 16:55:01] -- [DEBUG]: [org.flywaydb.core.internal.scanner.classpath.ClassPathScanner] -- Found resource: db/migration/V1.3__Create__Test.sql
[2020-08-06 16:55:01] -- [DEBUG]: [org.flywaydb.core.internal.scanner.classpath.ClassPathScanner] -- Scanning for classes at classpath:db/migration
[2020-08-06 16:55:01] -- [DEBUG]: [org.flywaydb.core.internal.callback.SqlScriptCallbackFactory] -- Scanning for SQL callbacks ...
[2020-08-06 16:55:01] -- [DEBUG]: [org.flywaydb.core.internal.util.FeatureDetector] -- Spring Jdbc available: true
[2020-08-06 16:55:01] -- [DEBUG]: [org.flywaydb.core.internal.command.DbValidate] -- Validating migrations ...
[2020-08-06 16:55:01] -- [DEBUG]: [org.flywaydb.core.internal.sqlscript.SqlScript] -- Parsing V1.2__Create__Category.sql ...
[2020-08-06 16:55:01] -- [DEBUG]: [org.flywaydb.core.internal.sqlscript.SqlScript] -- Found statement at line 1: CREATE TABLE `category_` (
  `id` int(11) NOT NULL AUTO_INCREMENT,
  `name` varchar(30) DEFAULT NULL,
  PRIMARY KEY (`id`)
) ENGINE=InnoDB AUTO_INCREMENT=5 DEFAULT CHARSET=utf8
[2020-08-06 16:55:01] -- [DEBUG]: [org.flywaydb.core.internal.sqlscript.SqlScript] -- Found statement at line 7: INSERT INTO `category_` VALUES (1,'category 1'),(2,'category 2'),(3,'flyway db'),(4,'h2 category2')
[2020-08-06 16:55:01] -- [DEBUG]: [org.flywaydb.core.internal.sqlscript.SqlScript] -- Found statement at line 9: CREATE TABLE `product_` (
  `id` int(11) NOT NULL AUTO_INCREMENT,
  `name` varchar(30) DEFAULT NULL,
  PRIMARY KEY (`id`)
) ENGINE=InnoDB AUTO_INCREMENT=5 DEFAULT CHARSET=utf8
[2020-08-06 16:55:01] -- [DEBUG]: [org.flywaydb.core.internal.sqlscript.SqlScript] -- Found statement at line 15: INSERT INTO `product_` VALUES (1,'product 1'),(2,'product 2'),(3,'flyway db'),(4,'h2 product')
[2020-08-06 16:55:01] -- [DEBUG]: [org.flywaydb.core.internal.sqlscript.SqlScript] -- Parsing V1.3__Create__Test.sql ...
[2020-08-06 16:55:01] -- [DEBUG]: [org.flywaydb.core.internal.sqlscript.SqlScript] -- Found statement at line 1: CREATE TABLE `test_` (
  `id` int(11) NOT NULL AUTO_INCREMENT,
  `name` varchar(30) DEFAULT NULL,
  PRIMARY KEY (`id`)
) ENGINE=InnoDB AUTO_INCREMENT=5 DEFAULT CHARSET=utf8
[2020-08-06 16:55:01] -- [DEBUG]: [org.flywaydb.core.internal.sqlscript.SqlScript] -- Found statement at line 7: INSERT INTO `test_` VALUES (1,'product 1'),(2,'product 2'),(3,'flyway db'),(4,'h2 product')
[2020-08-06 16:55:01] -- [DEBUG]: [org.flywaydb.core.internal.scanner.Scanner] -- Filtering out resource: db/migration/V1.2__Create__Category.sql (filename: V1.2__Create__Category.sql)
[2020-08-06 16:55:01] -- [DEBUG]: [org.flywaydb.core.internal.scanner.Scanner] -- Filtering out resource: db/migration/V1.3__Create__Test.sql (filename: V1.3__Create__Test.sql)
[2020-08-06 16:55:01] -- [DEBUG]: [org.flywaydb.core.internal.command.DbSchemas] -- Schema "PUBLIC" already exists. Skipping schema creation.
[2020-08-06 16:55:01] -- [DEBUG]: [org.flywaydb.core.internal.sqlscript.SqlScript] -- Parsing createMetaDataTable.sql ...
[2020-08-06 16:55:01] -- [DEBUG]: [org.flywaydb.core.internal.sqlscript.SqlScript] -- Found statement at line 17: CREATE TABLE "PUBLIC"."flyway_schema_history" (
    "installed_rank" INT NOT NULL,
    "version" VARCHAR(50),
    "description" VARCHAR(200) NOT NULL,
    "type" VARCHAR(20) NOT NULL,
    "script" VARCHAR(1000) NOT NULL,
    "checksum" INT,
    "installed_by" VARCHAR(100) NOT NULL,
    "installed_on" TIMESTAMP NOT NULL DEFAULT CURRENT_TIMESTAMP,
    "execution_time" INT NOT NULL,
    "success" BOOLEAN NOT NULL
)
[2020-08-06 16:55:01] -- [DEBUG]: [org.flywaydb.core.internal.sqlscript.SqlScript] -- Found statement at line 29: ALTER TABLE "PUBLIC"."flyway_schema_history" ADD CONSTRAINT "flyway_schema_history_pk" PRIMARY KEY ("installed_rank")
[2020-08-06 16:55:01] -- [DEBUG]: [org.flywaydb.core.internal.sqlscript.SqlScript] -- Found statement at line 31: CREATE INDEX "PUBLIC"."flyway_schema_history_s_idx" ON "PUBLIC"."flyway_schema_history" ("success")
[2020-08-06 16:55:01] -- [DEBUG]: [org.flywaydb.core.internal.sqlscript.DefaultSqlScriptExecutor] -- Executing SQL: CREATE TABLE "PUBLIC"."flyway_schema_history" (
    "installed_rank" INT NOT NULL,
    "version" VARCHAR(50),
    "description" VARCHAR(200) NOT NULL,
    "type" VARCHAR(20) NOT NULL,
    "script" VARCHAR(1000) NOT NULL,
    "checksum" INT,
    "installed_by" VARCHAR(100) NOT NULL,
    "installed_on" TIMESTAMP NOT NULL DEFAULT CURRENT_TIMESTAMP,
    "execution_time" INT NOT NULL,
    "success" BOOLEAN NOT NULL
)
[2020-08-06 16:55:01] -- [DEBUG]: [org.flywaydb.core.internal.sqlscript.DefaultSqlScriptExecutor] -- Update Count: 0
[2020-08-06 16:55:01] -- [DEBUG]: [org.flywaydb.core.internal.sqlscript.DefaultSqlScriptExecutor] -- Executing SQL: ALTER TABLE "PUBLIC"."flyway_schema_history" ADD CONSTRAINT "flyway_schema_history_pk" PRIMARY KEY ("installed_rank")
[2020-08-06 16:55:01] -- [DEBUG]: [org.flywaydb.core.internal.sqlscript.DefaultSqlScriptExecutor] -- Update Count: 0
[2020-08-06 16:55:01] -- [DEBUG]: [org.flywaydb.core.internal.sqlscript.DefaultSqlScriptExecutor] -- Executing SQL: CREATE INDEX "PUBLIC"."flyway_schema_history_s_idx" ON "PUBLIC"."flyway_schema_history" ("success")
[2020-08-06 16:55:01] -- [DEBUG]: [org.flywaydb.core.internal.sqlscript.DefaultSqlScriptExecutor] -- Update Count: 0
[2020-08-06 16:55:01] -- [DEBUG]: [org.flywaydb.core.internal.schemahistory.JdbcTableSchemaHistory] -- Created Schema History table: "PUBLIC"."flyway_schema_history"
[2020-08-06 16:55:01] -- [DEBUG]: [org.flywaydb.core.internal.database.base.Table] -- Locking table "PUBLIC"."flyway_schema_history"...
[2020-08-06 16:55:01] -- [DEBUG]: [org.flywaydb.core.internal.database.base.Table] -- Lock acquired for table "PUBLIC"."flyway_schema_history"
[2020-08-06 16:55:01] -- [DEBUG]: [org.flywaydb.core.internal.sqlscript.DefaultSqlScriptExecutor] -- Executing SQL: CREATE TABLE `category_` (
  `id` int(11) NOT NULL AUTO_INCREMENT,
  `name` varchar(30) DEFAULT NULL,
  PRIMARY KEY (`id`)
) ENGINE=InnoDB AUTO_INCREMENT=5 DEFAULT CHARSET=utf8
[2020-08-06 16:55:01] -- [DEBUG]: [org.flywaydb.core.internal.sqlscript.DefaultSqlScriptExecutor] -- Update Count: 0
[2020-08-06 16:55:01] -- [DEBUG]: [org.flywaydb.core.internal.sqlscript.DefaultSqlScriptExecutor] -- Executing SQL: INSERT INTO `category_` VALUES (1,'category 1'),(2,'category 2'),(3,'flyway db'),(4,'h2 category2')
[2020-08-06 16:55:01] -- [DEBUG]: [org.flywaydb.core.internal.sqlscript.DefaultSqlScriptExecutor] -- Update Count: 4
[2020-08-06 16:55:01] -- [DEBUG]: [org.flywaydb.core.internal.sqlscript.DefaultSqlScriptExecutor] -- Executing SQL: CREATE TABLE `product_` (
  `id` int(11) NOT NULL AUTO_INCREMENT,
  `name` varchar(30) DEFAULT NULL,
  PRIMARY KEY (`id`)
) ENGINE=InnoDB AUTO_INCREMENT=5 DEFAULT CHARSET=utf8
[2020-08-06 16:55:01] -- [DEBUG]: [org.flywaydb.core.internal.sqlscript.DefaultSqlScriptExecutor] -- Update Count: 0
[2020-08-06 16:55:01] -- [DEBUG]: [org.flywaydb.core.internal.sqlscript.DefaultSqlScriptExecutor] -- Executing SQL: INSERT INTO `product_` VALUES (1,'product 1'),(2,'product 2'),(3,'flyway db'),(4,'h2 product')
[2020-08-06 16:55:01] -- [DEBUG]: [org.flywaydb.core.internal.sqlscript.DefaultSqlScriptExecutor] -- Update Count: 4
[2020-08-06 16:55:01] -- [DEBUG]: [org.flywaydb.core.internal.command.DbMigrate] -- Successfully completed migration of schema "PUBLIC" to version 1.2 - Create  Category
[2020-08-06 16:55:01] -- [DEBUG]: [org.flywaydb.core.internal.database.base.Table] -- Locking table "PUBLIC"."flyway_schema_history"...
[2020-08-06 16:55:01] -- [DEBUG]: [org.flywaydb.core.internal.database.base.Table] -- Lock acquired for table "PUBLIC"."flyway_schema_history"
[2020-08-06 16:55:01] -- [DEBUG]: [org.flywaydb.core.internal.schemahistory.JdbcTableSchemaHistory] -- Schema History table "PUBLIC"."flyway_schema_history" successfully updated to reflect changes
[2020-08-06 16:55:01] -- [DEBUG]: [org.flywaydb.core.internal.database.base.Table] -- Locking table "PUBLIC"."flyway_schema_history"...
[2020-08-06 16:55:01] -- [DEBUG]: [org.flywaydb.core.internal.database.base.Table] -- Lock acquired for table "PUBLIC"."flyway_schema_history"
[2020-08-06 16:55:02] -- [DEBUG]: [org.flywaydb.core.internal.sqlscript.DefaultSqlScriptExecutor] -- Executing SQL: CREATE TABLE `test_` (
  `id` int(11) NOT NULL AUTO_INCREMENT,
  `name` varchar(30) DEFAULT NULL,
  PRIMARY KEY (`id`)
) ENGINE=InnoDB AUTO_INCREMENT=5 DEFAULT CHARSET=utf8
[2020-08-06 16:55:02] -- [DEBUG]: [org.flywaydb.core.internal.sqlscript.DefaultSqlScriptExecutor] -- Update Count: 0
[2020-08-06 16:55:02] -- [DEBUG]: [org.flywaydb.core.internal.sqlscript.DefaultSqlScriptExecutor] -- Executing SQL: INSERT INTO `test_` VALUES (1,'product 1'),(2,'product 2'),(3,'flyway db'),(4,'h2 product')
[2020-08-06 16:55:02] -- [DEBUG]: [org.flywaydb.core.internal.sqlscript.DefaultSqlScriptExecutor] -- Update Count: 4
[2020-08-06 16:55:02] -- [DEBUG]: [org.flywaydb.core.internal.command.DbMigrate] -- Successfully completed migration of schema "PUBLIC" to version 1.3 - Create  Test
[2020-08-06 16:55:02] -- [DEBUG]: [org.flywaydb.core.internal.database.base.Table] -- Locking table "PUBLIC"."flyway_schema_history"...
[2020-08-06 16:55:02] -- [DEBUG]: [org.flywaydb.core.internal.database.base.Table] -- Lock acquired for table "PUBLIC"."flyway_schema_history"
[2020-08-06 16:55:02] -- [DEBUG]: [org.flywaydb.core.internal.schemahistory.JdbcTableSchemaHistory] -- Schema History table "PUBLIC"."flyway_schema_history" successfully updated to reflect changes
[2020-08-06 16:55:02] -- [DEBUG]: [org.flywaydb.core.internal.database.base.Table] -- Locking table "PUBLIC"."flyway_schema_history"...
[2020-08-06 16:55:02] -- [DEBUG]: [org.flywaydb.core.internal.database.base.Table] -- Lock acquired for table "PUBLIC"."flyway_schema_history"
[2020-08-06 16:55:02] -- [DEBUG]: [org.flywaydb.core.Flyway] -- Memory usage: 237 of 332M
[2020-08-06 16:55:06] -- [DEBUG]: [org.mybatis.spring.SqlSessionUtils] -- Creating a new SqlSession
[2020-08-06 16:55:06] -- [DEBUG]: [org.mybatis.spring.SqlSessionUtils] -- Registering transaction synchronization for SqlSession [org.apache.ibatis.session.defaults.DefaultSqlSession@306ac1c8]
[2020-08-06 16:55:06] -- [DEBUG]: [org.mybatis.spring.transaction.SpringManagedTransaction] -- JDBC Connection [HikariProxyConnection@1127076233 wrapping conn0: url=jdbc:h2:mem:test user=TEST] will be managed by Spring
[2020-08-06 16:55:06] -- [DEBUG]: [com.oyhp.demo.jacoco.mapper.CategoryMapper.add] -- ==>  Preparing: insert into category_ (name) values(?) 
[2020-08-06 16:55:06] -- [DEBUG]: [com.oyhp.demo.jacoco.mapper.CategoryMapper.add] -- ==> Parameters: test(String)
[2020-08-06 16:55:06] -- [DEBUG]: [com.oyhp.demo.jacoco.mapper.CategoryMapper.add] -- <==    Updates: 1
[2020-08-06 16:55:06] -- [DEBUG]: [org.mybatis.spring.SqlSessionUtils] -- Releasing transactional SqlSession [org.apache.ibatis.session.defaults.DefaultSqlSession@306ac1c8]
[2020-08-06 16:55:06] -- [DEBUG]: [org.mybatis.spring.SqlSessionUtils] -- Transaction synchronization deregistering SqlSession [org.apache.ibatis.session.defaults.DefaultSqlSession@306ac1c8]
[2020-08-06 16:55:06] -- [DEBUG]: [org.mybatis.spring.SqlSessionUtils] -- Transaction synchronization closing SqlSession [org.apache.ibatis.session.defaults.DefaultSqlSession@306ac1c8]
[2020-08-06 16:55:06] -- [DEBUG]: [org.mybatis.spring.SqlSessionUtils] -- Creating a new SqlSession
[2020-08-06 16:55:06] -- [DEBUG]: [org.mybatis.spring.SqlSessionUtils] -- SqlSession [org.apache.ibatis.session.defaults.DefaultSqlSession@463cc818] was not registered for synchronization because synchronization is not active
[2020-08-06 16:55:06] -- [DEBUG]: [org.mybatis.spring.transaction.SpringManagedTransaction] -- JDBC Connection [HikariProxyConnection@1830721967 wrapping conn0: url=jdbc:h2:mem:test user=TEST] will not be managed by Spring
[2020-08-06 16:55:06] -- [DEBUG]: [com.oyhp.demo.jacoco.mapper.CategoryMapper.findAll] -- ==>  Preparing: select * from category_ 
[2020-08-06 16:55:06] -- [DEBUG]: [com.oyhp.demo.jacoco.mapper.CategoryMapper.findAll] -- ==> Parameters: 
[2020-08-06 16:55:06] -- [DEBUG]: [com.oyhp.demo.jacoco.mapper.CategoryMapper.findAll] -- <==      Total: 4
[2020-08-06 16:55:06] -- [DEBUG]: [org.mybatis.spring.SqlSessionUtils] -- Closing non transactional SqlSession [org.apache.ibatis.session.defaults.DefaultSqlSession@463cc818]
[2020-08-06 16:55:07] -- [DEBUG]: [org.apache.http.impl.conn.PoolingHttpClientConnectionManager] -- Connection manager is shutting down
[2020-08-06 16:55:07] -- [DEBUG]: [org.apache.http.impl.conn.PoolingHttpClientConnectionManager] -- Connection manager shut down
[2020-08-06 16:55:07] -- [DEBUG]: [org.mybatis.spring.SqlSessionUtils] -- Creating a new SqlSession
[2020-08-06 16:55:07] -- [DEBUG]: [org.mybatis.spring.SqlSessionUtils] -- SqlSession [org.apache.ibatis.session.defaults.DefaultSqlSession@4c69dd8e] was not registered for synchronization because synchronization is not active
[2020-08-06 16:55:07] -- [DEBUG]: [org.mybatis.spring.transaction.SpringManagedTransaction] -- JDBC Connection [HikariProxyConnection@1400348312 wrapping conn0: url=jdbc:h2:mem:test user=TEST] will not be managed by Spring
[2020-08-06 16:55:07] -- [DEBUG]: [com.oyhp.demo.jacoco.mapper.CategoryMapper.findAll] -- ==>  Preparing: select * from category_ 
[2020-08-06 16:55:07] -- [DEBUG]: [com.oyhp.demo.jacoco.mapper.CategoryMapper.findAll] -- ==> Parameters: 
[2020-08-06 16:55:07] -- [DEBUG]: [com.oyhp.demo.jacoco.mapper.CategoryMapper.findAll] -- <==      Total: 4
[2020-08-06 16:55:07] -- [DEBUG]: [org.mybatis.spring.SqlSessionUtils] -- Closing non transactional SqlSession [org.apache.ibatis.session.defaults.DefaultSqlSession@4c69dd8e]
[2020-08-06 16:55:09] -- [DEBUG]: [com.zaxxer.hikari.pool.PoolBase] -- HikariPool-1 - Closing connection conn0: url=jdbc:h2:mem:test user=TEST: (connection evicted)
[2020-08-06 16:55:09] -- [DEBUG]: [com.zaxxer.hikari.pool.PoolBase] -- HikariPool-1 - Closing connection conn1: url=jdbc:h2:mem:test user=TEST: (connection evicted)
[2020-08-06 16:55:09] -- [DEBUG]: [com.zaxxer.hikari.pool.PoolBase] -- HikariPool-1 - Closing connection conn2: url=jdbc:h2:mem:test user=TEST: (connection evicted)
[2020-08-06 16:55:09] -- [DEBUG]: [com.zaxxer.hikari.pool.PoolBase] -- HikariPool-1 - Closing connection conn3: url=jdbc:h2:mem:test user=TEST: (connection evicted)
[2020-08-06 16:55:09] -- [DEBUG]: [com.zaxxer.hikari.pool.PoolBase] -- HikariPool-1 - Closing connection conn4: url=jdbc:h2:mem:test user=TEST: (connection evicted)
[2020-08-06 16:55:09] -- [DEBUG]: [com.zaxxer.hikari.pool.PoolBase] -- HikariPool-1 - Closing connection conn5: url=jdbc:h2:mem:test user=TEST: (connection evicted)
[2020-08-06 16:55:09] -- [DEBUG]: [com.zaxxer.hikari.pool.PoolBase] -- HikariPool-1 - Closing connection conn6: url=jdbc:h2:mem:test user=TEST: (connection evicted)
[2020-08-06 16:55:09] -- [DEBUG]: [com.zaxxer.hikari.pool.PoolBase] -- HikariPool-1 - Closing connection conn7: url=jdbc:h2:mem:test user=TEST: (connection evicted)
[2020-08-06 16:55:09] -- [DEBUG]: [com.zaxxer.hikari.pool.PoolBase] -- HikariPool-1 - Closing connection conn8: url=jdbc:h2:mem:test user=TEST: (connection evicted)
[2020-08-06 16:55:09] -- [DEBUG]: [com.zaxxer.hikari.pool.PoolBase] -- HikariPool-1 - Closing connection conn9: url=jdbc:h2:mem:test user=TEST: (connection evicted)
[2020-08-06 16:56:16] -- [DEBUG]: [com.oyhp.demo.jacoco.service.MyServiceIntegrationTest] -- Running with Spring Boot v2.3.1.RELEASE, Spring v5.2.7.RELEASE
[2020-08-06 16:56:18] -- [DEBUG]: [org.mybatis.spring.boot.autoconfigure.MybatisAutoConfiguration] -- Searching for mappers annotated with @Mapper'
[2020-08-06 16:56:18] -- [DEBUG]: [org.mybatis.spring.boot.autoconfigure.MybatisAutoConfiguration] -- Using auto-configuration base package 'com.oyhp.demo.jacoco'
[2020-08-06 16:56:18] -- [DEBUG]: [org.mybatis.spring.mapper.ClassPathMapperScanner] -- Identified candidate component class: file [H:\Coder\Jacoco\target\classes\com\oyhp\demo\jacoco\mapper\CategoryMapper.class]
[2020-08-06 16:56:18] -- [DEBUG]: [org.mybatis.spring.mapper.ClassPathMapperScanner] -- Creating MapperFactoryBean with name 'categoryMapper' and 'com.oyhp.demo.jacoco.mapper.CategoryMapper' mapperInterface
[2020-08-06 16:56:18] -- [DEBUG]: [org.mybatis.spring.mapper.ClassPathMapperScanner] -- Enabling autowire by type for MapperFactoryBean with name 'categoryMapper'.
[2020-08-06 16:56:21] -- [DEBUG]: [com.zaxxer.hikari.HikariConfig] -- Driver class org.h2.Driver found in Thread context class loader TomcatEmbeddedWebappClassLoader
  context: ROOT
  delegate: true
----------> Parent Classloader:
sun.misc.Launcher$AppClassLoader@18b4aac2

[2020-08-06 16:56:22] -- [DEBUG]: [com.zaxxer.hikari.HikariConfig] -- HikariPool-1 - configuration:
[2020-08-06 16:56:22] -- [DEBUG]: [com.zaxxer.hikari.HikariConfig] -- allowPoolSuspension.............false
[2020-08-06 16:56:22] -- [DEBUG]: [com.zaxxer.hikari.HikariConfig] -- autoCommit......................true
[2020-08-06 16:56:22] -- [DEBUG]: [com.zaxxer.hikari.HikariConfig] -- catalog.........................none
[2020-08-06 16:56:22] -- [DEBUG]: [com.zaxxer.hikari.HikariConfig] -- connectionInitSql...............none
[2020-08-06 16:56:22] -- [DEBUG]: [com.zaxxer.hikari.HikariConfig] -- connectionTestQuery.............none
[2020-08-06 16:56:22] -- [DEBUG]: [com.zaxxer.hikari.HikariConfig] -- connectionTimeout...............30000
[2020-08-06 16:56:22] -- [DEBUG]: [com.zaxxer.hikari.HikariConfig] -- dataSource......................none
[2020-08-06 16:56:22] -- [DEBUG]: [com.zaxxer.hikari.HikariConfig] -- dataSourceClassName.............none
[2020-08-06 16:56:22] -- [DEBUG]: [com.zaxxer.hikari.HikariConfig] -- dataSourceJNDI..................none
[2020-08-06 16:56:22] -- [DEBUG]: [com.zaxxer.hikari.HikariConfig] -- dataSourceProperties............{password=<masked>}
[2020-08-06 16:56:22] -- [DEBUG]: [com.zaxxer.hikari.HikariConfig] -- driverClassName................."org.h2.Driver"
[2020-08-06 16:56:22] -- [DEBUG]: [com.zaxxer.hikari.HikariConfig] -- exceptionOverrideClassName......none
[2020-08-06 16:56:22] -- [DEBUG]: [com.zaxxer.hikari.HikariConfig] -- healthCheckProperties...........{}
[2020-08-06 16:56:22] -- [DEBUG]: [com.zaxxer.hikari.HikariConfig] -- healthCheckRegistry.............none
[2020-08-06 16:56:22] -- [DEBUG]: [com.zaxxer.hikari.HikariConfig] -- idleTimeout.....................600000
[2020-08-06 16:56:22] -- [DEBUG]: [com.zaxxer.hikari.HikariConfig] -- initializationFailTimeout.......1
[2020-08-06 16:56:22] -- [DEBUG]: [com.zaxxer.hikari.HikariConfig] -- isolateInternalQueries..........false
[2020-08-06 16:56:22] -- [DEBUG]: [com.zaxxer.hikari.HikariConfig] -- jdbcUrl.........................jdbc:h2:mem:test
[2020-08-06 16:56:22] -- [DEBUG]: [com.zaxxer.hikari.HikariConfig] -- leakDetectionThreshold..........0
[2020-08-06 16:56:22] -- [DEBUG]: [com.zaxxer.hikari.HikariConfig] -- maxLifetime.....................1800000
[2020-08-06 16:56:22] -- [DEBUG]: [com.zaxxer.hikari.HikariConfig] -- maximumPoolSize.................10
[2020-08-06 16:56:22] -- [DEBUG]: [com.zaxxer.hikari.HikariConfig] -- metricRegistry..................none
[2020-08-06 16:56:22] -- [DEBUG]: [com.zaxxer.hikari.HikariConfig] -- metricsTrackerFactory...........none
[2020-08-06 16:56:22] -- [DEBUG]: [com.zaxxer.hikari.HikariConfig] -- minimumIdle.....................10
[2020-08-06 16:56:22] -- [DEBUG]: [com.zaxxer.hikari.HikariConfig] -- password........................<masked>
[2020-08-06 16:56:22] -- [DEBUG]: [com.zaxxer.hikari.HikariConfig] -- poolName........................"HikariPool-1"
[2020-08-06 16:56:22] -- [DEBUG]: [com.zaxxer.hikari.HikariConfig] -- readOnly........................false
[2020-08-06 16:56:22] -- [DEBUG]: [com.zaxxer.hikari.HikariConfig] -- registerMbeans..................false
[2020-08-06 16:56:22] -- [DEBUG]: [com.zaxxer.hikari.HikariConfig] -- scheduledExecutor...............none
[2020-08-06 16:56:22] -- [DEBUG]: [com.zaxxer.hikari.HikariConfig] -- schema..........................none
[2020-08-06 16:56:22] -- [DEBUG]: [com.zaxxer.hikari.HikariConfig] -- threadFactory...................internal
[2020-08-06 16:56:22] -- [DEBUG]: [com.zaxxer.hikari.HikariConfig] -- transactionIsolation............default
[2020-08-06 16:56:22] -- [DEBUG]: [com.zaxxer.hikari.HikariConfig] -- username........................"test"
[2020-08-06 16:56:22] -- [DEBUG]: [com.zaxxer.hikari.HikariConfig] -- validationTimeout...............5000
[2020-08-06 16:56:23] -- [DEBUG]: [org.apache.ibatis.logging.LogFactory] -- Logging initialized using 'class org.apache.ibatis.logging.slf4j.Slf4jImpl' adapter.
[2020-08-06 16:56:23] -- [DEBUG]: [org.mybatis.spring.SqlSessionFactoryBean] -- Parsed configuration file: 'class path resource [mybatis/mybatis-config.xml]'
[2020-08-06 16:56:23] -- [DEBUG]: [org.mybatis.spring.SqlSessionFactoryBean] -- Parsed mapper file: 'file [H:\Coder\Jacoco\target\classes\mybatis\mapper\CategoryMapper.xml]'
[2020-08-06 16:56:24] -- [DEBUG]: [org.mybatis.spring.boot.autoconfigure.MybatisAutoConfiguration] -- No org.mybatis.spring.mapper.MapperFactoryBean found.
[2020-08-06 16:56:24] -- [DEBUG]: [org.flywaydb.core.internal.database.DatabaseFactory] -- Driver  : H2 JDBC Driver 1.4.199 (2019-03-13)
[2020-08-06 16:56:25] -- [DEBUG]: [org.flywaydb.core.Flyway] -- DDL Transactions Supported: false
[2020-08-06 16:56:25] -- [DEBUG]: [org.flywaydb.core.Flyway] -- Schema: PUBLIC
[2020-08-06 16:56:25] -- [DEBUG]: [org.flywaydb.core.internal.scanner.classpath.ClassPathScanner] -- Scanning for classpath resources at 'classpath:db/migration' ...
[2020-08-06 16:56:25] -- [DEBUG]: [org.flywaydb.core.internal.scanner.classpath.ClassPathScanner] -- Determining location urls for classpath:db/migration using ClassLoader sun.misc.Launcher$AppClassLoader@18b4aac2 ...
[2020-08-06 16:56:25] -- [DEBUG]: [org.flywaydb.core.internal.scanner.classpath.ClassPathScanner] -- Scanning URL: file:/H:/Coder/Jacoco/target/classes/db/migration
[2020-08-06 16:56:25] -- [DEBUG]: [org.flywaydb.core.internal.util.FeatureDetector] -- JBoss VFS v2 available: false
[2020-08-06 16:56:25] -- [DEBUG]: [org.flywaydb.core.internal.scanner.classpath.FileSystemClassPathLocationScanner] -- Scanning starting at classpath root in filesystem: H:\Coder\Jacoco\target\classes\
[2020-08-06 16:56:25] -- [DEBUG]: [org.flywaydb.core.internal.scanner.classpath.FileSystemClassPathLocationScanner] -- Scanning for resources in path: H:\Coder\Jacoco\target\classes\db\migration (db/migration)
[2020-08-06 16:56:25] -- [DEBUG]: [org.flywaydb.core.internal.scanner.classpath.ClassPathScanner] -- Found resource: db/migration/V1.2__Create__Category.sql
[2020-08-06 16:56:25] -- [DEBUG]: [org.flywaydb.core.internal.scanner.classpath.ClassPathScanner] -- Found resource: db/migration/V1.3__Create__Test.sql
[2020-08-06 16:56:25] -- [DEBUG]: [org.flywaydb.core.internal.scanner.classpath.ClassPathScanner] -- Scanning for classes at classpath:db/migration
[2020-08-06 16:56:25] -- [DEBUG]: [org.flywaydb.core.internal.callback.SqlScriptCallbackFactory] -- Scanning for SQL callbacks ...
[2020-08-06 16:56:25] -- [DEBUG]: [org.flywaydb.core.internal.util.FeatureDetector] -- Spring Jdbc available: true
[2020-08-06 16:56:25] -- [DEBUG]: [org.flywaydb.core.internal.command.DbValidate] -- Validating migrations ...
[2020-08-06 16:56:25] -- [DEBUG]: [org.flywaydb.core.internal.sqlscript.SqlScript] -- Parsing V1.2__Create__Category.sql ...
[2020-08-06 16:56:25] -- [DEBUG]: [org.flywaydb.core.internal.sqlscript.SqlScript] -- Found statement at line 1: CREATE TABLE `category_` (
  `id` int(11) NOT NULL AUTO_INCREMENT,
  `name` varchar(30) DEFAULT NULL,
  PRIMARY KEY (`id`)
) ENGINE=InnoDB AUTO_INCREMENT=5 DEFAULT CHARSET=utf8
[2020-08-06 16:56:25] -- [DEBUG]: [org.flywaydb.core.internal.sqlscript.SqlScript] -- Found statement at line 7: INSERT INTO `category_` VALUES (1,'category 1'),(2,'category 2'),(3,'flyway db'),(4,'h2 category2')
[2020-08-06 16:56:25] -- [DEBUG]: [org.flywaydb.core.internal.sqlscript.SqlScript] -- Found statement at line 9: CREATE TABLE `product_` (
  `id` int(11) NOT NULL AUTO_INCREMENT,
  `name` varchar(30) DEFAULT NULL,
  PRIMARY KEY (`id`)
) ENGINE=InnoDB AUTO_INCREMENT=5 DEFAULT CHARSET=utf8
[2020-08-06 16:56:25] -- [DEBUG]: [org.flywaydb.core.internal.sqlscript.SqlScript] -- Found statement at line 15: INSERT INTO `product_` VALUES (1,'product 1'),(2,'product 2'),(3,'flyway db'),(4,'h2 product')
[2020-08-06 16:56:25] -- [DEBUG]: [org.flywaydb.core.internal.sqlscript.SqlScript] -- Parsing V1.3__Create__Test.sql ...
[2020-08-06 16:56:25] -- [DEBUG]: [org.flywaydb.core.internal.sqlscript.SqlScript] -- Found statement at line 1: CREATE TABLE `test_` (
  `id` int(11) NOT NULL AUTO_INCREMENT,
  `name` varchar(30) DEFAULT NULL,
  PRIMARY KEY (`id`)
) ENGINE=InnoDB AUTO_INCREMENT=5 DEFAULT CHARSET=utf8
[2020-08-06 16:56:25] -- [DEBUG]: [org.flywaydb.core.internal.sqlscript.SqlScript] -- Found statement at line 7: INSERT INTO `test_` VALUES (1,'product 1'),(2,'product 2'),(3,'flyway db'),(4,'h2 product')
[2020-08-06 16:56:25] -- [DEBUG]: [org.flywaydb.core.internal.scanner.Scanner] -- Filtering out resource: db/migration/V1.2__Create__Category.sql (filename: V1.2__Create__Category.sql)
[2020-08-06 16:56:25] -- [DEBUG]: [org.flywaydb.core.internal.scanner.Scanner] -- Filtering out resource: db/migration/V1.3__Create__Test.sql (filename: V1.3__Create__Test.sql)
[2020-08-06 16:56:25] -- [DEBUG]: [org.flywaydb.core.internal.command.DbSchemas] -- Schema "PUBLIC" already exists. Skipping schema creation.
[2020-08-06 16:56:25] -- [DEBUG]: [org.flywaydb.core.internal.sqlscript.SqlScript] -- Parsing createMetaDataTable.sql ...
[2020-08-06 16:56:25] -- [DEBUG]: [org.flywaydb.core.internal.sqlscript.SqlScript] -- Found statement at line 17: CREATE TABLE "PUBLIC"."flyway_schema_history" (
    "installed_rank" INT NOT NULL,
    "version" VARCHAR(50),
    "description" VARCHAR(200) NOT NULL,
    "type" VARCHAR(20) NOT NULL,
    "script" VARCHAR(1000) NOT NULL,
    "checksum" INT,
    "installed_by" VARCHAR(100) NOT NULL,
    "installed_on" TIMESTAMP NOT NULL DEFAULT CURRENT_TIMESTAMP,
    "execution_time" INT NOT NULL,
    "success" BOOLEAN NOT NULL
)
[2020-08-06 16:56:25] -- [DEBUG]: [org.flywaydb.core.internal.sqlscript.SqlScript] -- Found statement at line 29: ALTER TABLE "PUBLIC"."flyway_schema_history" ADD CONSTRAINT "flyway_schema_history_pk" PRIMARY KEY ("installed_rank")
[2020-08-06 16:56:25] -- [DEBUG]: [org.flywaydb.core.internal.sqlscript.SqlScript] -- Found statement at line 31: CREATE INDEX "PUBLIC"."flyway_schema_history_s_idx" ON "PUBLIC"."flyway_schema_history" ("success")
[2020-08-06 16:56:25] -- [DEBUG]: [org.flywaydb.core.internal.sqlscript.DefaultSqlScriptExecutor] -- Executing SQL: CREATE TABLE "PUBLIC"."flyway_schema_history" (
    "installed_rank" INT NOT NULL,
    "version" VARCHAR(50),
    "description" VARCHAR(200) NOT NULL,
    "type" VARCHAR(20) NOT NULL,
    "script" VARCHAR(1000) NOT NULL,
    "checksum" INT,
    "installed_by" VARCHAR(100) NOT NULL,
    "installed_on" TIMESTAMP NOT NULL DEFAULT CURRENT_TIMESTAMP,
    "execution_time" INT NOT NULL,
    "success" BOOLEAN NOT NULL
)
[2020-08-06 16:56:25] -- [DEBUG]: [org.flywaydb.core.internal.sqlscript.DefaultSqlScriptExecutor] -- Update Count: 0
[2020-08-06 16:56:25] -- [DEBUG]: [org.flywaydb.core.internal.sqlscript.DefaultSqlScriptExecutor] -- Executing SQL: ALTER TABLE "PUBLIC"."flyway_schema_history" ADD CONSTRAINT "flyway_schema_history_pk" PRIMARY KEY ("installed_rank")
[2020-08-06 16:56:25] -- [DEBUG]: [org.flywaydb.core.internal.sqlscript.DefaultSqlScriptExecutor] -- Update Count: 0
[2020-08-06 16:56:25] -- [DEBUG]: [org.flywaydb.core.internal.sqlscript.DefaultSqlScriptExecutor] -- Executing SQL: CREATE INDEX "PUBLIC"."flyway_schema_history_s_idx" ON "PUBLIC"."flyway_schema_history" ("success")
[2020-08-06 16:56:25] -- [DEBUG]: [org.flywaydb.core.internal.sqlscript.DefaultSqlScriptExecutor] -- Update Count: 0
[2020-08-06 16:56:25] -- [DEBUG]: [org.flywaydb.core.internal.schemahistory.JdbcTableSchemaHistory] -- Created Schema History table: "PUBLIC"."flyway_schema_history"
[2020-08-06 16:56:25] -- [DEBUG]: [org.flywaydb.core.internal.database.base.Table] -- Locking table "PUBLIC"."flyway_schema_history"...
[2020-08-06 16:56:25] -- [DEBUG]: [org.flywaydb.core.internal.database.base.Table] -- Lock acquired for table "PUBLIC"."flyway_schema_history"
[2020-08-06 16:56:25] -- [DEBUG]: [org.flywaydb.core.internal.sqlscript.DefaultSqlScriptExecutor] -- Executing SQL: CREATE TABLE `category_` (
  `id` int(11) NOT NULL AUTO_INCREMENT,
  `name` varchar(30) DEFAULT NULL,
  PRIMARY KEY (`id`)
) ENGINE=InnoDB AUTO_INCREMENT=5 DEFAULT CHARSET=utf8
[2020-08-06 16:56:25] -- [DEBUG]: [org.flywaydb.core.internal.sqlscript.DefaultSqlScriptExecutor] -- Update Count: 0
[2020-08-06 16:56:25] -- [DEBUG]: [org.flywaydb.core.internal.sqlscript.DefaultSqlScriptExecutor] -- Executing SQL: INSERT INTO `category_` VALUES (1,'category 1'),(2,'category 2'),(3,'flyway db'),(4,'h2 category2')
[2020-08-06 16:56:25] -- [DEBUG]: [org.flywaydb.core.internal.sqlscript.DefaultSqlScriptExecutor] -- Update Count: 4
[2020-08-06 16:56:25] -- [DEBUG]: [org.flywaydb.core.internal.sqlscript.DefaultSqlScriptExecutor] -- Executing SQL: CREATE TABLE `product_` (
  `id` int(11) NOT NULL AUTO_INCREMENT,
  `name` varchar(30) DEFAULT NULL,
  PRIMARY KEY (`id`)
) ENGINE=InnoDB AUTO_INCREMENT=5 DEFAULT CHARSET=utf8
[2020-08-06 16:56:25] -- [DEBUG]: [org.flywaydb.core.internal.sqlscript.DefaultSqlScriptExecutor] -- Update Count: 0
[2020-08-06 16:56:25] -- [DEBUG]: [org.flywaydb.core.internal.sqlscript.DefaultSqlScriptExecutor] -- Executing SQL: INSERT INTO `product_` VALUES (1,'product 1'),(2,'product 2'),(3,'flyway db'),(4,'h2 product')
[2020-08-06 16:56:25] -- [DEBUG]: [org.flywaydb.core.internal.sqlscript.DefaultSqlScriptExecutor] -- Update Count: 4
[2020-08-06 16:56:25] -- [DEBUG]: [org.flywaydb.core.internal.command.DbMigrate] -- Successfully completed migration of schema "PUBLIC" to version 1.2 - Create  Category
[2020-08-06 16:56:25] -- [DEBUG]: [org.flywaydb.core.internal.database.base.Table] -- Locking table "PUBLIC"."flyway_schema_history"...
[2020-08-06 16:56:25] -- [DEBUG]: [org.flywaydb.core.internal.database.base.Table] -- Lock acquired for table "PUBLIC"."flyway_schema_history"
[2020-08-06 16:56:25] -- [DEBUG]: [org.flywaydb.core.internal.schemahistory.JdbcTableSchemaHistory] -- Schema History table "PUBLIC"."flyway_schema_history" successfully updated to reflect changes
[2020-08-06 16:56:25] -- [DEBUG]: [org.flywaydb.core.internal.database.base.Table] -- Locking table "PUBLIC"."flyway_schema_history"...
[2020-08-06 16:56:25] -- [DEBUG]: [org.flywaydb.core.internal.database.base.Table] -- Lock acquired for table "PUBLIC"."flyway_schema_history"
[2020-08-06 16:56:25] -- [DEBUG]: [org.flywaydb.core.internal.sqlscript.DefaultSqlScriptExecutor] -- Executing SQL: CREATE TABLE `test_` (
  `id` int(11) NOT NULL AUTO_INCREMENT,
  `name` varchar(30) DEFAULT NULL,
  PRIMARY KEY (`id`)
) ENGINE=InnoDB AUTO_INCREMENT=5 DEFAULT CHARSET=utf8
[2020-08-06 16:56:25] -- [DEBUG]: [org.flywaydb.core.internal.sqlscript.DefaultSqlScriptExecutor] -- Update Count: 0
[2020-08-06 16:56:25] -- [DEBUG]: [org.flywaydb.core.internal.sqlscript.DefaultSqlScriptExecutor] -- Executing SQL: INSERT INTO `test_` VALUES (1,'product 1'),(2,'product 2'),(3,'flyway db'),(4,'h2 product')
[2020-08-06 16:56:25] -- [DEBUG]: [org.flywaydb.core.internal.sqlscript.DefaultSqlScriptExecutor] -- Update Count: 4
[2020-08-06 16:56:25] -- [DEBUG]: [org.flywaydb.core.internal.command.DbMigrate] -- Successfully completed migration of schema "PUBLIC" to version 1.3 - Create  Test
[2020-08-06 16:56:25] -- [DEBUG]: [org.flywaydb.core.internal.database.base.Table] -- Locking table "PUBLIC"."flyway_schema_history"...
[2020-08-06 16:56:25] -- [DEBUG]: [org.flywaydb.core.internal.database.base.Table] -- Lock acquired for table "PUBLIC"."flyway_schema_history"
[2020-08-06 16:56:25] -- [DEBUG]: [org.flywaydb.core.internal.schemahistory.JdbcTableSchemaHistory] -- Schema History table "PUBLIC"."flyway_schema_history" successfully updated to reflect changes
[2020-08-06 16:56:25] -- [DEBUG]: [org.flywaydb.core.internal.database.base.Table] -- Locking table "PUBLIC"."flyway_schema_history"...
[2020-08-06 16:56:25] -- [DEBUG]: [org.flywaydb.core.internal.database.base.Table] -- Lock acquired for table "PUBLIC"."flyway_schema_history"
[2020-08-06 16:56:25] -- [DEBUG]: [org.flywaydb.core.Flyway] -- Memory usage: 44 of 240M
[2020-08-06 16:56:29] -- [DEBUG]: [org.mybatis.spring.SqlSessionUtils] -- Creating a new SqlSession
[2020-08-06 16:56:29] -- [DEBUG]: [org.mybatis.spring.SqlSessionUtils] -- Registering transaction synchronization for SqlSession [org.apache.ibatis.session.defaults.DefaultSqlSession@6518fdfd]
[2020-08-06 16:56:29] -- [DEBUG]: [org.mybatis.spring.transaction.SpringManagedTransaction] -- JDBC Connection [HikariProxyConnection@1346560976 wrapping conn0: url=jdbc:h2:mem:test user=TEST] will be managed by Spring
[2020-08-06 16:56:29] -- [DEBUG]: [com.oyhp.demo.jacoco.mapper.CategoryMapper.add] -- ==>  Preparing: insert into category_ (name) values(?) 
[2020-08-06 16:56:29] -- [DEBUG]: [com.oyhp.demo.jacoco.mapper.CategoryMapper.add] -- ==> Parameters: test(String)
[2020-08-06 16:56:29] -- [DEBUG]: [com.oyhp.demo.jacoco.mapper.CategoryMapper.add] -- <==    Updates: 1
[2020-08-06 16:56:29] -- [DEBUG]: [org.mybatis.spring.SqlSessionUtils] -- Releasing transactional SqlSession [org.apache.ibatis.session.defaults.DefaultSqlSession@6518fdfd]
[2020-08-06 16:56:29] -- [DEBUG]: [org.mybatis.spring.SqlSessionUtils] -- Transaction synchronization deregistering SqlSession [org.apache.ibatis.session.defaults.DefaultSqlSession@6518fdfd]
[2020-08-06 16:56:29] -- [DEBUG]: [org.mybatis.spring.SqlSessionUtils] -- Transaction synchronization closing SqlSession [org.apache.ibatis.session.defaults.DefaultSqlSession@6518fdfd]
[2020-08-06 16:56:29] -- [DEBUG]: [org.mybatis.spring.SqlSessionUtils] -- Creating a new SqlSession
[2020-08-06 16:56:29] -- [DEBUG]: [org.mybatis.spring.SqlSessionUtils] -- SqlSession [org.apache.ibatis.session.defaults.DefaultSqlSession@5934153e] was not registered for synchronization because synchronization is not active
[2020-08-06 16:56:29] -- [DEBUG]: [org.mybatis.spring.transaction.SpringManagedTransaction] -- JDBC Connection [HikariProxyConnection@438094511 wrapping conn0: url=jdbc:h2:mem:test user=TEST] will not be managed by Spring
[2020-08-06 16:56:29] -- [DEBUG]: [com.oyhp.demo.jacoco.mapper.CategoryMapper.findAll] -- ==>  Preparing: select * from category_ 
[2020-08-06 16:56:29] -- [DEBUG]: [com.oyhp.demo.jacoco.mapper.CategoryMapper.findAll] -- ==> Parameters: 
[2020-08-06 16:56:29] -- [DEBUG]: [com.oyhp.demo.jacoco.mapper.CategoryMapper.findAll] -- <==      Total: 4
[2020-08-06 16:56:29] -- [DEBUG]: [org.mybatis.spring.SqlSessionUtils] -- Closing non transactional SqlSession [org.apache.ibatis.session.defaults.DefaultSqlSession@5934153e]
[2020-08-06 16:56:30] -- [DEBUG]: [org.mybatis.spring.SqlSessionUtils] -- Creating a new SqlSession
[2020-08-06 16:56:30] -- [DEBUG]: [org.mybatis.spring.SqlSessionUtils] -- SqlSession [org.apache.ibatis.session.defaults.DefaultSqlSession@5e1a986c] was not registered for synchronization because synchronization is not active
[2020-08-06 16:56:30] -- [DEBUG]: [org.mybatis.spring.transaction.SpringManagedTransaction] -- JDBC Connection [HikariProxyConnection@1263927050 wrapping conn0: url=jdbc:h2:mem:test user=TEST] will not be managed by Spring
[2020-08-06 16:56:30] -- [DEBUG]: [com.oyhp.demo.jacoco.mapper.CategoryMapper.findAll] -- ==>  Preparing: select * from category_ 
[2020-08-06 16:56:30] -- [DEBUG]: [com.oyhp.demo.jacoco.mapper.CategoryMapper.findAll] -- ==> Parameters: 
[2020-08-06 16:56:30] -- [DEBUG]: [com.oyhp.demo.jacoco.mapper.CategoryMapper.findAll] -- <==      Total: 4
[2020-08-06 16:56:30] -- [DEBUG]: [org.mybatis.spring.SqlSessionUtils] -- Closing non transactional SqlSession [org.apache.ibatis.session.defaults.DefaultSqlSession@5e1a986c]
[2020-08-06 16:56:31] -- [DEBUG]: [com.zaxxer.hikari.pool.PoolBase] -- HikariPool-1 - Closing connection conn0: url=jdbc:h2:mem:test user=TEST: (connection evicted)
[2020-08-06 16:56:31] -- [DEBUG]: [com.zaxxer.hikari.pool.PoolBase] -- HikariPool-1 - Closing connection conn1: url=jdbc:h2:mem:test user=TEST: (connection evicted)
[2020-08-06 16:56:31] -- [DEBUG]: [com.zaxxer.hikari.pool.PoolBase] -- HikariPool-1 - Closing connection conn2: url=jdbc:h2:mem:test user=TEST: (connection evicted)
[2020-08-06 16:56:31] -- [DEBUG]: [com.zaxxer.hikari.pool.PoolBase] -- HikariPool-1 - Closing connection conn3: url=jdbc:h2:mem:test user=TEST: (connection evicted)
[2020-08-06 16:56:31] -- [DEBUG]: [com.zaxxer.hikari.pool.PoolBase] -- HikariPool-1 - Closing connection conn4: url=jdbc:h2:mem:test user=TEST: (connection evicted)
[2020-08-06 16:56:31] -- [DEBUG]: [com.zaxxer.hikari.pool.PoolBase] -- HikariPool-1 - Closing connection conn5: url=jdbc:h2:mem:test user=TEST: (connection evicted)
[2020-08-06 16:56:31] -- [DEBUG]: [com.zaxxer.hikari.pool.PoolBase] -- HikariPool-1 - Closing connection conn6: url=jdbc:h2:mem:test user=TEST: (connection evicted)
[2020-08-06 16:56:31] -- [DEBUG]: [com.zaxxer.hikari.pool.PoolBase] -- HikariPool-1 - Closing connection conn7: url=jdbc:h2:mem:test user=TEST: (connection evicted)
[2020-08-06 16:56:31] -- [DEBUG]: [com.zaxxer.hikari.pool.PoolBase] -- HikariPool-1 - Closing connection conn8: url=jdbc:h2:mem:test user=TEST: (connection evicted)
[2020-08-06 16:56:31] -- [DEBUG]: [com.zaxxer.hikari.pool.PoolBase] -- HikariPool-1 - Closing connection conn9: url=jdbc:h2:mem:test user=TEST: (connection evicted)
[2020-08-06 16:57:27] -- [DEBUG]: [com.oyhp.demo.jacoco.service.MyServiceIntegrationTest] -- Running with Spring Boot v2.3.1.RELEASE, Spring v5.2.7.RELEASE
[2020-08-06 16:57:29] -- [DEBUG]: [org.mybatis.spring.boot.autoconfigure.MybatisAutoConfiguration] -- Searching for mappers annotated with @Mapper'
[2020-08-06 16:57:29] -- [DEBUG]: [org.mybatis.spring.boot.autoconfigure.MybatisAutoConfiguration] -- Using auto-configuration base package 'com.oyhp.demo.jacoco'
[2020-08-06 16:57:29] -- [DEBUG]: [org.mybatis.spring.mapper.ClassPathMapperScanner] -- Identified candidate component class: file [H:\Coder\Jacoco\target\classes\com\oyhp\demo\jacoco\mapper\CategoryMapper.class]
[2020-08-06 16:57:29] -- [DEBUG]: [org.mybatis.spring.mapper.ClassPathMapperScanner] -- Creating MapperFactoryBean with name 'categoryMapper' and 'com.oyhp.demo.jacoco.mapper.CategoryMapper' mapperInterface
[2020-08-06 16:57:29] -- [DEBUG]: [org.mybatis.spring.mapper.ClassPathMapperScanner] -- Enabling autowire by type for MapperFactoryBean with name 'categoryMapper'.
[2020-08-06 16:57:32] -- [DEBUG]: [com.zaxxer.hikari.HikariConfig] -- Driver class org.h2.Driver found in Thread context class loader TomcatEmbeddedWebappClassLoader
  context: ROOT
  delegate: true
----------> Parent Classloader:
sun.misc.Launcher$AppClassLoader@18b4aac2

[2020-08-06 16:57:32] -- [DEBUG]: [com.zaxxer.hikari.HikariConfig] -- HikariPool-1 - configuration:
[2020-08-06 16:57:32] -- [DEBUG]: [com.zaxxer.hikari.HikariConfig] -- allowPoolSuspension.............false
[2020-08-06 16:57:32] -- [DEBUG]: [com.zaxxer.hikari.HikariConfig] -- autoCommit......................true
[2020-08-06 16:57:32] -- [DEBUG]: [com.zaxxer.hikari.HikariConfig] -- catalog.........................none
[2020-08-06 16:57:32] -- [DEBUG]: [com.zaxxer.hikari.HikariConfig] -- connectionInitSql...............none
[2020-08-06 16:57:32] -- [DEBUG]: [com.zaxxer.hikari.HikariConfig] -- connectionTestQuery.............none
[2020-08-06 16:57:32] -- [DEBUG]: [com.zaxxer.hikari.HikariConfig] -- connectionTimeout...............30000
[2020-08-06 16:57:32] -- [DEBUG]: [com.zaxxer.hikari.HikariConfig] -- dataSource......................none
[2020-08-06 16:57:32] -- [DEBUG]: [com.zaxxer.hikari.HikariConfig] -- dataSourceClassName.............none
[2020-08-06 16:57:32] -- [DEBUG]: [com.zaxxer.hikari.HikariConfig] -- dataSourceJNDI..................none
[2020-08-06 16:57:32] -- [DEBUG]: [com.zaxxer.hikari.HikariConfig] -- dataSourceProperties............{password=<masked>}
[2020-08-06 16:57:32] -- [DEBUG]: [com.zaxxer.hikari.HikariConfig] -- driverClassName................."org.h2.Driver"
[2020-08-06 16:57:32] -- [DEBUG]: [com.zaxxer.hikari.HikariConfig] -- exceptionOverrideClassName......none
[2020-08-06 16:57:32] -- [DEBUG]: [com.zaxxer.hikari.HikariConfig] -- healthCheckProperties...........{}
[2020-08-06 16:57:32] -- [DEBUG]: [com.zaxxer.hikari.HikariConfig] -- healthCheckRegistry.............none
[2020-08-06 16:57:32] -- [DEBUG]: [com.zaxxer.hikari.HikariConfig] -- idleTimeout.....................600000
[2020-08-06 16:57:32] -- [DEBUG]: [com.zaxxer.hikari.HikariConfig] -- initializationFailTimeout.......1
[2020-08-06 16:57:32] -- [DEBUG]: [com.zaxxer.hikari.HikariConfig] -- isolateInternalQueries..........false
[2020-08-06 16:57:32] -- [DEBUG]: [com.zaxxer.hikari.HikariConfig] -- jdbcUrl.........................jdbc:h2:mem:test
[2020-08-06 16:57:32] -- [DEBUG]: [com.zaxxer.hikari.HikariConfig] -- leakDetectionThreshold..........0
[2020-08-06 16:57:32] -- [DEBUG]: [com.zaxxer.hikari.HikariConfig] -- maxLifetime.....................1800000
[2020-08-06 16:57:32] -- [DEBUG]: [com.zaxxer.hikari.HikariConfig] -- maximumPoolSize.................10
[2020-08-06 16:57:32] -- [DEBUG]: [com.zaxxer.hikari.HikariConfig] -- metricRegistry..................none
[2020-08-06 16:57:32] -- [DEBUG]: [com.zaxxer.hikari.HikariConfig] -- metricsTrackerFactory...........none
[2020-08-06 16:57:32] -- [DEBUG]: [com.zaxxer.hikari.HikariConfig] -- minimumIdle.....................10
[2020-08-06 16:57:32] -- [DEBUG]: [com.zaxxer.hikari.HikariConfig] -- password........................<masked>
[2020-08-06 16:57:32] -- [DEBUG]: [com.zaxxer.hikari.HikariConfig] -- poolName........................"HikariPool-1"
[2020-08-06 16:57:32] -- [DEBUG]: [com.zaxxer.hikari.HikariConfig] -- readOnly........................false
[2020-08-06 16:57:32] -- [DEBUG]: [com.zaxxer.hikari.HikariConfig] -- registerMbeans..................false
[2020-08-06 16:57:32] -- [DEBUG]: [com.zaxxer.hikari.HikariConfig] -- scheduledExecutor...............none
[2020-08-06 16:57:32] -- [DEBUG]: [com.zaxxer.hikari.HikariConfig] -- schema..........................none
[2020-08-06 16:57:32] -- [DEBUG]: [com.zaxxer.hikari.HikariConfig] -- threadFactory...................internal
[2020-08-06 16:57:32] -- [DEBUG]: [com.zaxxer.hikari.HikariConfig] -- transactionIsolation............default
[2020-08-06 16:57:32] -- [DEBUG]: [com.zaxxer.hikari.HikariConfig] -- username........................"test"
[2020-08-06 16:57:32] -- [DEBUG]: [com.zaxxer.hikari.HikariConfig] -- validationTimeout...............5000
[2020-08-06 16:57:33] -- [DEBUG]: [org.apache.ibatis.logging.LogFactory] -- Logging initialized using 'class org.apache.ibatis.logging.slf4j.Slf4jImpl' adapter.
[2020-08-06 16:57:33] -- [DEBUG]: [org.mybatis.spring.SqlSessionFactoryBean] -- Parsed configuration file: 'class path resource [mybatis/mybatis-config.xml]'
[2020-08-06 16:57:33] -- [DEBUG]: [org.mybatis.spring.SqlSessionFactoryBean] -- Parsed mapper file: 'file [H:\Coder\Jacoco\target\classes\mybatis\mapper\CategoryMapper.xml]'
[2020-08-06 16:57:34] -- [DEBUG]: [org.mybatis.spring.boot.autoconfigure.MybatisAutoConfiguration] -- No org.mybatis.spring.mapper.MapperFactoryBean found.
[2020-08-06 16:57:35] -- [DEBUG]: [org.flywaydb.core.internal.database.DatabaseFactory] -- Driver  : H2 JDBC Driver 1.4.199 (2019-03-13)
[2020-08-06 16:57:35] -- [DEBUG]: [org.flywaydb.core.Flyway] -- DDL Transactions Supported: false
[2020-08-06 16:57:35] -- [DEBUG]: [org.flywaydb.core.Flyway] -- Schema: PUBLIC
[2020-08-06 16:57:35] -- [DEBUG]: [org.flywaydb.core.internal.scanner.classpath.ClassPathScanner] -- Scanning for classpath resources at 'classpath:db/migration' ...
[2020-08-06 16:57:35] -- [DEBUG]: [org.flywaydb.core.internal.scanner.classpath.ClassPathScanner] -- Determining location urls for classpath:db/migration using ClassLoader sun.misc.Launcher$AppClassLoader@18b4aac2 ...
[2020-08-06 16:57:35] -- [DEBUG]: [org.flywaydb.core.internal.scanner.classpath.ClassPathScanner] -- Scanning URL: file:/H:/Coder/Jacoco/target/classes/db/migration
[2020-08-06 16:57:35] -- [DEBUG]: [org.flywaydb.core.internal.util.FeatureDetector] -- JBoss VFS v2 available: false
[2020-08-06 16:57:35] -- [DEBUG]: [org.flywaydb.core.internal.scanner.classpath.FileSystemClassPathLocationScanner] -- Scanning starting at classpath root in filesystem: H:\Coder\Jacoco\target\classes\
[2020-08-06 16:57:35] -- [DEBUG]: [org.flywaydb.core.internal.scanner.classpath.FileSystemClassPathLocationScanner] -- Scanning for resources in path: H:\Coder\Jacoco\target\classes\db\migration (db/migration)
[2020-08-06 16:57:35] -- [DEBUG]: [org.flywaydb.core.internal.scanner.classpath.ClassPathScanner] -- Found resource: db/migration/V1.2__Create__Category.sql
[2020-08-06 16:57:35] -- [DEBUG]: [org.flywaydb.core.internal.scanner.classpath.ClassPathScanner] -- Found resource: db/migration/V1.3__Create__Test.sql
[2020-08-06 16:57:35] -- [DEBUG]: [org.flywaydb.core.internal.scanner.classpath.ClassPathScanner] -- Scanning for classes at classpath:db/migration
[2020-08-06 16:57:35] -- [DEBUG]: [org.flywaydb.core.internal.callback.SqlScriptCallbackFactory] -- Scanning for SQL callbacks ...
[2020-08-06 16:57:35] -- [DEBUG]: [org.flywaydb.core.internal.util.FeatureDetector] -- Spring Jdbc available: true
[2020-08-06 16:57:35] -- [DEBUG]: [org.flywaydb.core.internal.command.DbValidate] -- Validating migrations ...
[2020-08-06 16:57:35] -- [DEBUG]: [org.flywaydb.core.internal.sqlscript.SqlScript] -- Parsing V1.2__Create__Category.sql ...
[2020-08-06 16:57:35] -- [DEBUG]: [org.flywaydb.core.internal.sqlscript.SqlScript] -- Found statement at line 1: CREATE TABLE `category_` (
  `id` int(11) NOT NULL AUTO_INCREMENT,
  `name` varchar(30) DEFAULT NULL,
  PRIMARY KEY (`id`)
) ENGINE=InnoDB AUTO_INCREMENT=5 DEFAULT CHARSET=utf8
[2020-08-06 16:57:35] -- [DEBUG]: [org.flywaydb.core.internal.sqlscript.SqlScript] -- Found statement at line 7: INSERT INTO `category_` VALUES (1,'category 1'),(2,'category 2'),(3,'flyway db'),(4,'h2 category2')
[2020-08-06 16:57:35] -- [DEBUG]: [org.flywaydb.core.internal.sqlscript.SqlScript] -- Found statement at line 9: CREATE TABLE `product_` (
  `id` int(11) NOT NULL AUTO_INCREMENT,
  `name` varchar(30) DEFAULT NULL,
  PRIMARY KEY (`id`)
) ENGINE=InnoDB AUTO_INCREMENT=5 DEFAULT CHARSET=utf8
[2020-08-06 16:57:35] -- [DEBUG]: [org.flywaydb.core.internal.sqlscript.SqlScript] -- Found statement at line 15: INSERT INTO `product_` VALUES (1,'product 1'),(2,'product 2'),(3,'flyway db'),(4,'h2 product')
[2020-08-06 16:57:35] -- [DEBUG]: [org.flywaydb.core.internal.sqlscript.SqlScript] -- Parsing V1.3__Create__Test.sql ...
[2020-08-06 16:57:35] -- [DEBUG]: [org.flywaydb.core.internal.sqlscript.SqlScript] -- Found statement at line 1: CREATE TABLE `test_` (
  `id` int(11) NOT NULL AUTO_INCREMENT,
  `name` varchar(30) DEFAULT NULL,
  PRIMARY KEY (`id`)
) ENGINE=InnoDB AUTO_INCREMENT=5 DEFAULT CHARSET=utf8
[2020-08-06 16:57:35] -- [DEBUG]: [org.flywaydb.core.internal.sqlscript.SqlScript] -- Found statement at line 7: INSERT INTO `test_` VALUES (1,'product 1'),(2,'product 2'),(3,'flyway db'),(4,'h2 product')
[2020-08-06 16:57:35] -- [DEBUG]: [org.flywaydb.core.internal.scanner.Scanner] -- Filtering out resource: db/migration/V1.2__Create__Category.sql (filename: V1.2__Create__Category.sql)
[2020-08-06 16:57:35] -- [DEBUG]: [org.flywaydb.core.internal.scanner.Scanner] -- Filtering out resource: db/migration/V1.3__Create__Test.sql (filename: V1.3__Create__Test.sql)
[2020-08-06 16:57:35] -- [DEBUG]: [org.flywaydb.core.internal.command.DbSchemas] -- Schema "PUBLIC" already exists. Skipping schema creation.
[2020-08-06 16:57:35] -- [DEBUG]: [org.flywaydb.core.internal.sqlscript.SqlScript] -- Parsing createMetaDataTable.sql ...
[2020-08-06 16:57:35] -- [DEBUG]: [org.flywaydb.core.internal.sqlscript.SqlScript] -- Found statement at line 17: CREATE TABLE "PUBLIC"."flyway_schema_history" (
    "installed_rank" INT NOT NULL,
    "version" VARCHAR(50),
    "description" VARCHAR(200) NOT NULL,
    "type" VARCHAR(20) NOT NULL,
    "script" VARCHAR(1000) NOT NULL,
    "checksum" INT,
    "installed_by" VARCHAR(100) NOT NULL,
    "installed_on" TIMESTAMP NOT NULL DEFAULT CURRENT_TIMESTAMP,
    "execution_time" INT NOT NULL,
    "success" BOOLEAN NOT NULL
)
[2020-08-06 16:57:35] -- [DEBUG]: [org.flywaydb.core.internal.sqlscript.SqlScript] -- Found statement at line 29: ALTER TABLE "PUBLIC"."flyway_schema_history" ADD CONSTRAINT "flyway_schema_history_pk" PRIMARY KEY ("installed_rank")
[2020-08-06 16:57:35] -- [DEBUG]: [org.flywaydb.core.internal.sqlscript.SqlScript] -- Found statement at line 31: CREATE INDEX "PUBLIC"."flyway_schema_history_s_idx" ON "PUBLIC"."flyway_schema_history" ("success")
[2020-08-06 16:57:35] -- [DEBUG]: [org.flywaydb.core.internal.sqlscript.DefaultSqlScriptExecutor] -- Executing SQL: CREATE TABLE "PUBLIC"."flyway_schema_history" (
    "installed_rank" INT NOT NULL,
    "version" VARCHAR(50),
    "description" VARCHAR(200) NOT NULL,
    "type" VARCHAR(20) NOT NULL,
    "script" VARCHAR(1000) NOT NULL,
    "checksum" INT,
    "installed_by" VARCHAR(100) NOT NULL,
    "installed_on" TIMESTAMP NOT NULL DEFAULT CURRENT_TIMESTAMP,
    "execution_time" INT NOT NULL,
    "success" BOOLEAN NOT NULL
)
[2020-08-06 16:57:35] -- [DEBUG]: [org.flywaydb.core.internal.sqlscript.DefaultSqlScriptExecutor] -- Update Count: 0
[2020-08-06 16:57:35] -- [DEBUG]: [org.flywaydb.core.internal.sqlscript.DefaultSqlScriptExecutor] -- Executing SQL: ALTER TABLE "PUBLIC"."flyway_schema_history" ADD CONSTRAINT "flyway_schema_history_pk" PRIMARY KEY ("installed_rank")
[2020-08-06 16:57:35] -- [DEBUG]: [org.flywaydb.core.internal.sqlscript.DefaultSqlScriptExecutor] -- Update Count: 0
[2020-08-06 16:57:35] -- [DEBUG]: [org.flywaydb.core.internal.sqlscript.DefaultSqlScriptExecutor] -- Executing SQL: CREATE INDEX "PUBLIC"."flyway_schema_history_s_idx" ON "PUBLIC"."flyway_schema_history" ("success")
[2020-08-06 16:57:35] -- [DEBUG]: [org.flywaydb.core.internal.sqlscript.DefaultSqlScriptExecutor] -- Update Count: 0
[2020-08-06 16:57:35] -- [DEBUG]: [org.flywaydb.core.internal.schemahistory.JdbcTableSchemaHistory] -- Created Schema History table: "PUBLIC"."flyway_schema_history"
[2020-08-06 16:57:35] -- [DEBUG]: [org.flywaydb.core.internal.database.base.Table] -- Locking table "PUBLIC"."flyway_schema_history"...
[2020-08-06 16:57:35] -- [DEBUG]: [org.flywaydb.core.internal.database.base.Table] -- Lock acquired for table "PUBLIC"."flyway_schema_history"
[2020-08-06 16:57:35] -- [DEBUG]: [org.flywaydb.core.internal.sqlscript.DefaultSqlScriptExecutor] -- Executing SQL: CREATE TABLE `category_` (
  `id` int(11) NOT NULL AUTO_INCREMENT,
  `name` varchar(30) DEFAULT NULL,
  PRIMARY KEY (`id`)
) ENGINE=InnoDB AUTO_INCREMENT=5 DEFAULT CHARSET=utf8
[2020-08-06 16:57:35] -- [DEBUG]: [org.flywaydb.core.internal.sqlscript.DefaultSqlScriptExecutor] -- Update Count: 0
[2020-08-06 16:57:35] -- [DEBUG]: [org.flywaydb.core.internal.sqlscript.DefaultSqlScriptExecutor] -- Executing SQL: INSERT INTO `category_` VALUES (1,'category 1'),(2,'category 2'),(3,'flyway db'),(4,'h2 category2')
[2020-08-06 16:57:35] -- [DEBUG]: [org.flywaydb.core.internal.sqlscript.DefaultSqlScriptExecutor] -- Update Count: 4
[2020-08-06 16:57:35] -- [DEBUG]: [org.flywaydb.core.internal.sqlscript.DefaultSqlScriptExecutor] -- Executing SQL: CREATE TABLE `product_` (
  `id` int(11) NOT NULL AUTO_INCREMENT,
  `name` varchar(30) DEFAULT NULL,
  PRIMARY KEY (`id`)
) ENGINE=InnoDB AUTO_INCREMENT=5 DEFAULT CHARSET=utf8
[2020-08-06 16:57:35] -- [DEBUG]: [org.flywaydb.core.internal.sqlscript.DefaultSqlScriptExecutor] -- Update Count: 0
[2020-08-06 16:57:35] -- [DEBUG]: [org.flywaydb.core.internal.sqlscript.DefaultSqlScriptExecutor] -- Executing SQL: INSERT INTO `product_` VALUES (1,'product 1'),(2,'product 2'),(3,'flyway db'),(4,'h2 product')
[2020-08-06 16:57:35] -- [DEBUG]: [org.flywaydb.core.internal.sqlscript.DefaultSqlScriptExecutor] -- Update Count: 4
[2020-08-06 16:57:35] -- [DEBUG]: [org.flywaydb.core.internal.command.DbMigrate] -- Successfully completed migration of schema "PUBLIC" to version 1.2 - Create  Category
[2020-08-06 16:57:35] -- [DEBUG]: [org.flywaydb.core.internal.database.base.Table] -- Locking table "PUBLIC"."flyway_schema_history"...
[2020-08-06 16:57:35] -- [DEBUG]: [org.flywaydb.core.internal.database.base.Table] -- Lock acquired for table "PUBLIC"."flyway_schema_history"
[2020-08-06 16:57:35] -- [DEBUG]: [org.flywaydb.core.internal.schemahistory.JdbcTableSchemaHistory] -- Schema History table "PUBLIC"."flyway_schema_history" successfully updated to reflect changes
[2020-08-06 16:57:35] -- [DEBUG]: [org.flywaydb.core.internal.database.base.Table] -- Locking table "PUBLIC"."flyway_schema_history"...
[2020-08-06 16:57:35] -- [DEBUG]: [org.flywaydb.core.internal.database.base.Table] -- Lock acquired for table "PUBLIC"."flyway_schema_history"
[2020-08-06 16:57:35] -- [DEBUG]: [org.flywaydb.core.internal.sqlscript.DefaultSqlScriptExecutor] -- Executing SQL: CREATE TABLE `test_` (
  `id` int(11) NOT NULL AUTO_INCREMENT,
  `name` varchar(30) DEFAULT NULL,
  PRIMARY KEY (`id`)
) ENGINE=InnoDB AUTO_INCREMENT=5 DEFAULT CHARSET=utf8
[2020-08-06 16:57:35] -- [DEBUG]: [org.flywaydb.core.internal.sqlscript.DefaultSqlScriptExecutor] -- Update Count: 0
[2020-08-06 16:57:35] -- [DEBUG]: [org.flywaydb.core.internal.sqlscript.DefaultSqlScriptExecutor] -- Executing SQL: INSERT INTO `test_` VALUES (1,'product 1'),(2,'product 2'),(3,'flyway db'),(4,'h2 product')
[2020-08-06 16:57:35] -- [DEBUG]: [org.flywaydb.core.internal.sqlscript.DefaultSqlScriptExecutor] -- Update Count: 4
[2020-08-06 16:57:35] -- [DEBUG]: [org.flywaydb.core.internal.command.DbMigrate] -- Successfully completed migration of schema "PUBLIC" to version 1.3 - Create  Test
[2020-08-06 16:57:35] -- [DEBUG]: [org.flywaydb.core.internal.database.base.Table] -- Locking table "PUBLIC"."flyway_schema_history"...
[2020-08-06 16:57:35] -- [DEBUG]: [org.flywaydb.core.internal.database.base.Table] -- Lock acquired for table "PUBLIC"."flyway_schema_history"
[2020-08-06 16:57:35] -- [DEBUG]: [org.flywaydb.core.internal.schemahistory.JdbcTableSchemaHistory] -- Schema History table "PUBLIC"."flyway_schema_history" successfully updated to reflect changes
[2020-08-06 16:57:35] -- [DEBUG]: [org.flywaydb.core.internal.database.base.Table] -- Locking table "PUBLIC"."flyway_schema_history"...
[2020-08-06 16:57:35] -- [DEBUG]: [org.flywaydb.core.internal.database.base.Table] -- Lock acquired for table "PUBLIC"."flyway_schema_history"
[2020-08-06 16:57:35] -- [DEBUG]: [org.flywaydb.core.Flyway] -- Memory usage: 31 of 244M
[2020-08-06 16:57:39] -- [DEBUG]: [org.mybatis.spring.SqlSessionUtils] -- Creating a new SqlSession
[2020-08-06 16:57:39] -- [DEBUG]: [org.mybatis.spring.SqlSessionUtils] -- Registering transaction synchronization for SqlSession [org.apache.ibatis.session.defaults.DefaultSqlSession@648c5fb3]
[2020-08-06 16:57:39] -- [DEBUG]: [org.mybatis.spring.transaction.SpringManagedTransaction] -- JDBC Connection [HikariProxyConnection@628402659 wrapping conn0: url=jdbc:h2:mem:test user=TEST] will be managed by Spring
[2020-08-06 16:57:39] -- [DEBUG]: [com.oyhp.demo.jacoco.mapper.CategoryMapper.add] -- ==>  Preparing: insert into category_ (name) values(?) 
[2020-08-06 16:57:39] -- [DEBUG]: [com.oyhp.demo.jacoco.mapper.CategoryMapper.add] -- ==> Parameters: test(String)
[2020-08-06 16:57:39] -- [DEBUG]: [com.oyhp.demo.jacoco.mapper.CategoryMapper.add] -- <==    Updates: 1
[2020-08-06 16:57:39] -- [DEBUG]: [org.mybatis.spring.SqlSessionUtils] -- Releasing transactional SqlSession [org.apache.ibatis.session.defaults.DefaultSqlSession@648c5fb3]
[2020-08-06 16:57:39] -- [DEBUG]: [org.mybatis.spring.SqlSessionUtils] -- Transaction synchronization deregistering SqlSession [org.apache.ibatis.session.defaults.DefaultSqlSession@648c5fb3]
[2020-08-06 16:57:39] -- [DEBUG]: [org.mybatis.spring.SqlSessionUtils] -- Transaction synchronization closing SqlSession [org.apache.ibatis.session.defaults.DefaultSqlSession@648c5fb3]
[2020-08-06 16:57:39] -- [DEBUG]: [org.mybatis.spring.SqlSessionUtils] -- Creating a new SqlSession
[2020-08-06 16:57:39] -- [DEBUG]: [org.mybatis.spring.SqlSessionUtils] -- SqlSession [org.apache.ibatis.session.defaults.DefaultSqlSession@1a1ccaaf] was not registered for synchronization because synchronization is not active
[2020-08-06 16:57:39] -- [DEBUG]: [org.mybatis.spring.transaction.SpringManagedTransaction] -- JDBC Connection [HikariProxyConnection@976810274 wrapping conn0: url=jdbc:h2:mem:test user=TEST] will not be managed by Spring
[2020-08-06 16:57:39] -- [DEBUG]: [com.oyhp.demo.jacoco.mapper.CategoryMapper.findAll] -- ==>  Preparing: select * from category_ 
[2020-08-06 16:57:39] -- [DEBUG]: [com.oyhp.demo.jacoco.mapper.CategoryMapper.findAll] -- ==> Parameters: 
[2020-08-06 16:57:39] -- [DEBUG]: [com.oyhp.demo.jacoco.mapper.CategoryMapper.findAll] -- <==      Total: 4
[2020-08-06 16:57:39] -- [DEBUG]: [org.mybatis.spring.SqlSessionUtils] -- Closing non transactional SqlSession [org.apache.ibatis.session.defaults.DefaultSqlSession@1a1ccaaf]
[2020-08-06 16:57:39] -- [DEBUG]: [org.mybatis.spring.SqlSessionUtils] -- Creating a new SqlSession
[2020-08-06 16:57:39] -- [DEBUG]: [org.mybatis.spring.SqlSessionUtils] -- SqlSession [org.apache.ibatis.session.defaults.DefaultSqlSession@44f0ff2b] was not registered for synchronization because synchronization is not active
[2020-08-06 16:57:39] -- [DEBUG]: [org.mybatis.spring.transaction.SpringManagedTransaction] -- JDBC Connection [HikariProxyConnection@585814865 wrapping conn0: url=jdbc:h2:mem:test user=TEST] will not be managed by Spring
[2020-08-06 16:57:39] -- [DEBUG]: [com.oyhp.demo.jacoco.mapper.CategoryMapper.findAll] -- ==>  Preparing: select * from category_ 
[2020-08-06 16:57:39] -- [DEBUG]: [com.oyhp.demo.jacoco.mapper.CategoryMapper.findAll] -- ==> Parameters: 
[2020-08-06 16:57:39] -- [DEBUG]: [com.oyhp.demo.jacoco.mapper.CategoryMapper.findAll] -- <==      Total: 4
[2020-08-06 16:57:39] -- [DEBUG]: [org.mybatis.spring.SqlSessionUtils] -- Closing non transactional SqlSession [org.apache.ibatis.session.defaults.DefaultSqlSession@44f0ff2b]
[2020-08-06 16:57:41] -- [DEBUG]: [com.zaxxer.hikari.pool.PoolBase] -- HikariPool-1 - Closing connection conn0: url=jdbc:h2:mem:test user=TEST: (connection evicted)
[2020-08-06 16:57:41] -- [DEBUG]: [com.zaxxer.hikari.pool.PoolBase] -- HikariPool-1 - Closing connection conn1: url=jdbc:h2:mem:test user=TEST: (connection evicted)
[2020-08-06 16:57:41] -- [DEBUG]: [com.zaxxer.hikari.pool.PoolBase] -- HikariPool-1 - Closing connection conn2: url=jdbc:h2:mem:test user=TEST: (connection evicted)
[2020-08-06 16:57:41] -- [DEBUG]: [com.zaxxer.hikari.pool.PoolBase] -- HikariPool-1 - Closing connection conn3: url=jdbc:h2:mem:test user=TEST: (connection evicted)
[2020-08-06 16:57:41] -- [DEBUG]: [com.zaxxer.hikari.pool.PoolBase] -- HikariPool-1 - Closing connection conn4: url=jdbc:h2:mem:test user=TEST: (connection evicted)
[2020-08-06 16:57:41] -- [DEBUG]: [com.zaxxer.hikari.pool.PoolBase] -- HikariPool-1 - Closing connection conn5: url=jdbc:h2:mem:test user=TEST: (connection evicted)
[2020-08-06 16:57:41] -- [DEBUG]: [com.zaxxer.hikari.pool.PoolBase] -- HikariPool-1 - Closing connection conn6: url=jdbc:h2:mem:test user=TEST: (connection evicted)
[2020-08-06 16:57:41] -- [DEBUG]: [com.zaxxer.hikari.pool.PoolBase] -- HikariPool-1 - Closing connection conn7: url=jdbc:h2:mem:test user=TEST: (connection evicted)
[2020-08-06 16:57:41] -- [DEBUG]: [com.zaxxer.hikari.pool.PoolBase] -- HikariPool-1 - Closing connection conn8: url=jdbc:h2:mem:test user=TEST: (connection evicted)
[2020-08-06 16:57:41] -- [DEBUG]: [com.zaxxer.hikari.pool.PoolBase] -- HikariPool-1 - Closing connection conn9: url=jdbc:h2:mem:test user=TEST: (connection evicted)
[2020-08-06 16:58:06] -- [DEBUG]: [com.oyhp.demo.jacoco.service.MyServiceIntegrationTest] -- Running with Spring Boot v2.3.1.RELEASE, Spring v5.2.7.RELEASE
[2020-08-06 16:58:07] -- [DEBUG]: [org.mybatis.spring.boot.autoconfigure.MybatisAutoConfiguration] -- Searching for mappers annotated with @Mapper'
[2020-08-06 16:58:07] -- [DEBUG]: [org.mybatis.spring.boot.autoconfigure.MybatisAutoConfiguration] -- Using auto-configuration base package 'com.oyhp.demo.jacoco'
[2020-08-06 16:58:07] -- [DEBUG]: [org.mybatis.spring.mapper.ClassPathMapperScanner] -- Identified candidate component class: file [H:\Coder\Jacoco\target\classes\com\oyhp\demo\jacoco\mapper\CategoryMapper.class]
[2020-08-06 16:58:07] -- [DEBUG]: [org.mybatis.spring.mapper.ClassPathMapperScanner] -- Creating MapperFactoryBean with name 'categoryMapper' and 'com.oyhp.demo.jacoco.mapper.CategoryMapper' mapperInterface
[2020-08-06 16:58:07] -- [DEBUG]: [org.mybatis.spring.mapper.ClassPathMapperScanner] -- Enabling autowire by type for MapperFactoryBean with name 'categoryMapper'.
[2020-08-06 16:58:10] -- [DEBUG]: [com.zaxxer.hikari.HikariConfig] -- Driver class org.h2.Driver found in Thread context class loader TomcatEmbeddedWebappClassLoader
  context: ROOT
  delegate: true
----------> Parent Classloader:
sun.misc.Launcher$AppClassLoader@18b4aac2

[2020-08-06 16:58:10] -- [DEBUG]: [com.zaxxer.hikari.HikariConfig] -- HikariPool-1 - configuration:
[2020-08-06 16:58:10] -- [DEBUG]: [com.zaxxer.hikari.HikariConfig] -- allowPoolSuspension.............false
[2020-08-06 16:58:10] -- [DEBUG]: [com.zaxxer.hikari.HikariConfig] -- autoCommit......................true
[2020-08-06 16:58:10] -- [DEBUG]: [com.zaxxer.hikari.HikariConfig] -- catalog.........................none
[2020-08-06 16:58:10] -- [DEBUG]: [com.zaxxer.hikari.HikariConfig] -- connectionInitSql...............none
[2020-08-06 16:58:10] -- [DEBUG]: [com.zaxxer.hikari.HikariConfig] -- connectionTestQuery.............none
[2020-08-06 16:58:10] -- [DEBUG]: [com.zaxxer.hikari.HikariConfig] -- connectionTimeout...............30000
[2020-08-06 16:58:10] -- [DEBUG]: [com.zaxxer.hikari.HikariConfig] -- dataSource......................none
[2020-08-06 16:58:10] -- [DEBUG]: [com.zaxxer.hikari.HikariConfig] -- dataSourceClassName.............none
[2020-08-06 16:58:10] -- [DEBUG]: [com.zaxxer.hikari.HikariConfig] -- dataSourceJNDI..................none
[2020-08-06 16:58:10] -- [DEBUG]: [com.zaxxer.hikari.HikariConfig] -- dataSourceProperties............{password=<masked>}
[2020-08-06 16:58:10] -- [DEBUG]: [com.zaxxer.hikari.HikariConfig] -- driverClassName................."org.h2.Driver"
[2020-08-06 16:58:10] -- [DEBUG]: [com.zaxxer.hikari.HikariConfig] -- exceptionOverrideClassName......none
[2020-08-06 16:58:10] -- [DEBUG]: [com.zaxxer.hikari.HikariConfig] -- healthCheckProperties...........{}
[2020-08-06 16:58:10] -- [DEBUG]: [com.zaxxer.hikari.HikariConfig] -- healthCheckRegistry.............none
[2020-08-06 16:58:10] -- [DEBUG]: [com.zaxxer.hikari.HikariConfig] -- idleTimeout.....................600000
[2020-08-06 16:58:10] -- [DEBUG]: [com.zaxxer.hikari.HikariConfig] -- initializationFailTimeout.......1
[2020-08-06 16:58:10] -- [DEBUG]: [com.zaxxer.hikari.HikariConfig] -- isolateInternalQueries..........false
[2020-08-06 16:58:10] -- [DEBUG]: [com.zaxxer.hikari.HikariConfig] -- jdbcUrl.........................jdbc:h2:mem:test
[2020-08-06 16:58:10] -- [DEBUG]: [com.zaxxer.hikari.HikariConfig] -- leakDetectionThreshold..........0
[2020-08-06 16:58:10] -- [DEBUG]: [com.zaxxer.hikari.HikariConfig] -- maxLifetime.....................1800000
[2020-08-06 16:58:10] -- [DEBUG]: [com.zaxxer.hikari.HikariConfig] -- maximumPoolSize.................10
[2020-08-06 16:58:10] -- [DEBUG]: [com.zaxxer.hikari.HikariConfig] -- metricRegistry..................none
[2020-08-06 16:58:10] -- [DEBUG]: [com.zaxxer.hikari.HikariConfig] -- metricsTrackerFactory...........none
[2020-08-06 16:58:10] -- [DEBUG]: [com.zaxxer.hikari.HikariConfig] -- minimumIdle.....................10
[2020-08-06 16:58:10] -- [DEBUG]: [com.zaxxer.hikari.HikariConfig] -- password........................<masked>
[2020-08-06 16:58:10] -- [DEBUG]: [com.zaxxer.hikari.HikariConfig] -- poolName........................"HikariPool-1"
[2020-08-06 16:58:10] -- [DEBUG]: [com.zaxxer.hikari.HikariConfig] -- readOnly........................false
[2020-08-06 16:58:10] -- [DEBUG]: [com.zaxxer.hikari.HikariConfig] -- registerMbeans..................false
[2020-08-06 16:58:10] -- [DEBUG]: [com.zaxxer.hikari.HikariConfig] -- scheduledExecutor...............none
[2020-08-06 16:58:10] -- [DEBUG]: [com.zaxxer.hikari.HikariConfig] -- schema..........................none
[2020-08-06 16:58:10] -- [DEBUG]: [com.zaxxer.hikari.HikariConfig] -- threadFactory...................internal
[2020-08-06 16:58:10] -- [DEBUG]: [com.zaxxer.hikari.HikariConfig] -- transactionIsolation............default
[2020-08-06 16:58:10] -- [DEBUG]: [com.zaxxer.hikari.HikariConfig] -- username........................"test"
[2020-08-06 16:58:10] -- [DEBUG]: [com.zaxxer.hikari.HikariConfig] -- validationTimeout...............5000
[2020-08-06 16:58:11] -- [DEBUG]: [org.apache.ibatis.logging.LogFactory] -- Logging initialized using 'class org.apache.ibatis.logging.slf4j.Slf4jImpl' adapter.
[2020-08-06 16:58:11] -- [DEBUG]: [org.mybatis.spring.SqlSessionFactoryBean] -- Parsed configuration file: 'class path resource [mybatis/mybatis-config.xml]'
[2020-08-06 16:58:11] -- [DEBUG]: [org.mybatis.spring.SqlSessionFactoryBean] -- Parsed mapper file: 'file [H:\Coder\Jacoco\target\classes\mybatis\mapper\CategoryMapper.xml]'
[2020-08-06 16:58:13] -- [DEBUG]: [org.mybatis.spring.boot.autoconfigure.MybatisAutoConfiguration] -- No org.mybatis.spring.mapper.MapperFactoryBean found.
[2020-08-06 16:58:13] -- [DEBUG]: [org.flywaydb.core.internal.database.DatabaseFactory] -- Driver  : H2 JDBC Driver 1.4.199 (2019-03-13)
[2020-08-06 16:58:13] -- [DEBUG]: [org.flywaydb.core.Flyway] -- DDL Transactions Supported: false
[2020-08-06 16:58:13] -- [DEBUG]: [org.flywaydb.core.Flyway] -- Schema: PUBLIC
[2020-08-06 16:58:13] -- [DEBUG]: [org.flywaydb.core.internal.scanner.classpath.ClassPathScanner] -- Scanning for classpath resources at 'classpath:db/migration' ...
[2020-08-06 16:58:13] -- [DEBUG]: [org.flywaydb.core.internal.scanner.classpath.ClassPathScanner] -- Determining location urls for classpath:db/migration using ClassLoader sun.misc.Launcher$AppClassLoader@18b4aac2 ...
[2020-08-06 16:58:13] -- [DEBUG]: [org.flywaydb.core.internal.scanner.classpath.ClassPathScanner] -- Scanning URL: file:/H:/Coder/Jacoco/target/classes/db/migration
[2020-08-06 16:58:13] -- [DEBUG]: [org.flywaydb.core.internal.util.FeatureDetector] -- JBoss VFS v2 available: false
[2020-08-06 16:58:13] -- [DEBUG]: [org.flywaydb.core.internal.scanner.classpath.FileSystemClassPathLocationScanner] -- Scanning starting at classpath root in filesystem: H:\Coder\Jacoco\target\classes\
[2020-08-06 16:58:13] -- [DEBUG]: [org.flywaydb.core.internal.scanner.classpath.FileSystemClassPathLocationScanner] -- Scanning for resources in path: H:\Coder\Jacoco\target\classes\db\migration (db/migration)
[2020-08-06 16:58:13] -- [DEBUG]: [org.flywaydb.core.internal.scanner.classpath.ClassPathScanner] -- Found resource: db/migration/V1.2__Create__Category.sql
[2020-08-06 16:58:13] -- [DEBUG]: [org.flywaydb.core.internal.scanner.classpath.ClassPathScanner] -- Found resource: db/migration/V1.3__Create__Test.sql
[2020-08-06 16:58:13] -- [DEBUG]: [org.flywaydb.core.internal.scanner.classpath.ClassPathScanner] -- Scanning for classes at classpath:db/migration
[2020-08-06 16:58:13] -- [DEBUG]: [org.flywaydb.core.internal.callback.SqlScriptCallbackFactory] -- Scanning for SQL callbacks ...
[2020-08-06 16:58:13] -- [DEBUG]: [org.flywaydb.core.internal.util.FeatureDetector] -- Spring Jdbc available: true
[2020-08-06 16:58:13] -- [DEBUG]: [org.flywaydb.core.internal.command.DbValidate] -- Validating migrations ...
[2020-08-06 16:58:13] -- [DEBUG]: [org.flywaydb.core.internal.sqlscript.SqlScript] -- Parsing V1.2__Create__Category.sql ...
[2020-08-06 16:58:13] -- [DEBUG]: [org.flywaydb.core.internal.sqlscript.SqlScript] -- Found statement at line 1: CREATE TABLE `category_` (
  `id` int(11) NOT NULL AUTO_INCREMENT,
  `name` varchar(30) DEFAULT NULL,
  PRIMARY KEY (`id`)
) ENGINE=InnoDB AUTO_INCREMENT=5 DEFAULT CHARSET=utf8
[2020-08-06 16:58:13] -- [DEBUG]: [org.flywaydb.core.internal.sqlscript.SqlScript] -- Found statement at line 7: INSERT INTO `category_` VALUES (1,'category 1'),(2,'category 2'),(3,'flyway db'),(4,'h2 category2')
[2020-08-06 16:58:13] -- [DEBUG]: [org.flywaydb.core.internal.sqlscript.SqlScript] -- Found statement at line 9: CREATE TABLE `product_` (
  `id` int(11) NOT NULL AUTO_INCREMENT,
  `name` varchar(30) DEFAULT NULL,
  PRIMARY KEY (`id`)
) ENGINE=InnoDB AUTO_INCREMENT=5 DEFAULT CHARSET=utf8
[2020-08-06 16:58:13] -- [DEBUG]: [org.flywaydb.core.internal.sqlscript.SqlScript] -- Found statement at line 15: INSERT INTO `product_` VALUES (1,'product 1'),(2,'product 2'),(3,'flyway db'),(4,'h2 product')
[2020-08-06 16:58:13] -- [DEBUG]: [org.flywaydb.core.internal.sqlscript.SqlScript] -- Parsing V1.3__Create__Test.sql ...
[2020-08-06 16:58:13] -- [DEBUG]: [org.flywaydb.core.internal.sqlscript.SqlScript] -- Found statement at line 1: CREATE TABLE `test_` (
  `id` int(11) NOT NULL AUTO_INCREMENT,
  `name` varchar(30) DEFAULT NULL,
  PRIMARY KEY (`id`)
) ENGINE=InnoDB AUTO_INCREMENT=5 DEFAULT CHARSET=utf8
[2020-08-06 16:58:13] -- [DEBUG]: [org.flywaydb.core.internal.sqlscript.SqlScript] -- Found statement at line 7: INSERT INTO `test_` VALUES (1,'product 1'),(2,'product 2'),(3,'flyway db'),(4,'h2 product')
[2020-08-06 16:58:13] -- [DEBUG]: [org.flywaydb.core.internal.scanner.Scanner] -- Filtering out resource: db/migration/V1.2__Create__Category.sql (filename: V1.2__Create__Category.sql)
[2020-08-06 16:58:13] -- [DEBUG]: [org.flywaydb.core.internal.scanner.Scanner] -- Filtering out resource: db/migration/V1.3__Create__Test.sql (filename: V1.3__Create__Test.sql)
[2020-08-06 16:58:13] -- [DEBUG]: [org.flywaydb.core.internal.command.DbSchemas] -- Schema "PUBLIC" already exists. Skipping schema creation.
[2020-08-06 16:58:13] -- [DEBUG]: [org.flywaydb.core.internal.sqlscript.SqlScript] -- Parsing createMetaDataTable.sql ...
[2020-08-06 16:58:13] -- [DEBUG]: [org.flywaydb.core.internal.sqlscript.SqlScript] -- Found statement at line 17: CREATE TABLE "PUBLIC"."flyway_schema_history" (
    "installed_rank" INT NOT NULL,
    "version" VARCHAR(50),
    "description" VARCHAR(200) NOT NULL,
    "type" VARCHAR(20) NOT NULL,
    "script" VARCHAR(1000) NOT NULL,
    "checksum" INT,
    "installed_by" VARCHAR(100) NOT NULL,
    "installed_on" TIMESTAMP NOT NULL DEFAULT CURRENT_TIMESTAMP,
    "execution_time" INT NOT NULL,
    "success" BOOLEAN NOT NULL
)
[2020-08-06 16:58:13] -- [DEBUG]: [org.flywaydb.core.internal.sqlscript.SqlScript] -- Found statement at line 29: ALTER TABLE "PUBLIC"."flyway_schema_history" ADD CONSTRAINT "flyway_schema_history_pk" PRIMARY KEY ("installed_rank")
[2020-08-06 16:58:13] -- [DEBUG]: [org.flywaydb.core.internal.sqlscript.SqlScript] -- Found statement at line 31: CREATE INDEX "PUBLIC"."flyway_schema_history_s_idx" ON "PUBLIC"."flyway_schema_history" ("success")
[2020-08-06 16:58:13] -- [DEBUG]: [org.flywaydb.core.internal.sqlscript.DefaultSqlScriptExecutor] -- Executing SQL: CREATE TABLE "PUBLIC"."flyway_schema_history" (
    "installed_rank" INT NOT NULL,
    "version" VARCHAR(50),
    "description" VARCHAR(200) NOT NULL,
    "type" VARCHAR(20) NOT NULL,
    "script" VARCHAR(1000) NOT NULL,
    "checksum" INT,
    "installed_by" VARCHAR(100) NOT NULL,
    "installed_on" TIMESTAMP NOT NULL DEFAULT CURRENT_TIMESTAMP,
    "execution_time" INT NOT NULL,
    "success" BOOLEAN NOT NULL
)
[2020-08-06 16:58:13] -- [DEBUG]: [org.flywaydb.core.internal.sqlscript.DefaultSqlScriptExecutor] -- Update Count: 0
[2020-08-06 16:58:13] -- [DEBUG]: [org.flywaydb.core.internal.sqlscript.DefaultSqlScriptExecutor] -- Executing SQL: ALTER TABLE "PUBLIC"."flyway_schema_history" ADD CONSTRAINT "flyway_schema_history_pk" PRIMARY KEY ("installed_rank")
[2020-08-06 16:58:13] -- [DEBUG]: [org.flywaydb.core.internal.sqlscript.DefaultSqlScriptExecutor] -- Update Count: 0
[2020-08-06 16:58:13] -- [DEBUG]: [org.flywaydb.core.internal.sqlscript.DefaultSqlScriptExecutor] -- Executing SQL: CREATE INDEX "PUBLIC"."flyway_schema_history_s_idx" ON "PUBLIC"."flyway_schema_history" ("success")
[2020-08-06 16:58:13] -- [DEBUG]: [org.flywaydb.core.internal.sqlscript.DefaultSqlScriptExecutor] -- Update Count: 0
[2020-08-06 16:58:13] -- [DEBUG]: [org.flywaydb.core.internal.schemahistory.JdbcTableSchemaHistory] -- Created Schema History table: "PUBLIC"."flyway_schema_history"
[2020-08-06 16:58:13] -- [DEBUG]: [org.flywaydb.core.internal.database.base.Table] -- Locking table "PUBLIC"."flyway_schema_history"...
[2020-08-06 16:58:13] -- [DEBUG]: [org.flywaydb.core.internal.database.base.Table] -- Lock acquired for table "PUBLIC"."flyway_schema_history"
[2020-08-06 16:58:13] -- [DEBUG]: [org.flywaydb.core.internal.sqlscript.DefaultSqlScriptExecutor] -- Executing SQL: CREATE TABLE `category_` (
  `id` int(11) NOT NULL AUTO_INCREMENT,
  `name` varchar(30) DEFAULT NULL,
  PRIMARY KEY (`id`)
) ENGINE=InnoDB AUTO_INCREMENT=5 DEFAULT CHARSET=utf8
[2020-08-06 16:58:13] -- [DEBUG]: [org.flywaydb.core.internal.sqlscript.DefaultSqlScriptExecutor] -- Update Count: 0
[2020-08-06 16:58:13] -- [DEBUG]: [org.flywaydb.core.internal.sqlscript.DefaultSqlScriptExecutor] -- Executing SQL: INSERT INTO `category_` VALUES (1,'category 1'),(2,'category 2'),(3,'flyway db'),(4,'h2 category2')
[2020-08-06 16:58:13] -- [DEBUG]: [org.flywaydb.core.internal.sqlscript.DefaultSqlScriptExecutor] -- Update Count: 4
[2020-08-06 16:58:13] -- [DEBUG]: [org.flywaydb.core.internal.sqlscript.DefaultSqlScriptExecutor] -- Executing SQL: CREATE TABLE `product_` (
  `id` int(11) NOT NULL AUTO_INCREMENT,
  `name` varchar(30) DEFAULT NULL,
  PRIMARY KEY (`id`)
) ENGINE=InnoDB AUTO_INCREMENT=5 DEFAULT CHARSET=utf8
[2020-08-06 16:58:13] -- [DEBUG]: [org.flywaydb.core.internal.sqlscript.DefaultSqlScriptExecutor] -- Update Count: 0
[2020-08-06 16:58:13] -- [DEBUG]: [org.flywaydb.core.internal.sqlscript.DefaultSqlScriptExecutor] -- Executing SQL: INSERT INTO `product_` VALUES (1,'product 1'),(2,'product 2'),(3,'flyway db'),(4,'h2 product')
[2020-08-06 16:58:13] -- [DEBUG]: [org.flywaydb.core.internal.sqlscript.DefaultSqlScriptExecutor] -- Update Count: 4
[2020-08-06 16:58:13] -- [DEBUG]: [org.flywaydb.core.internal.command.DbMigrate] -- Successfully completed migration of schema "PUBLIC" to version 1.2 - Create  Category
[2020-08-06 16:58:13] -- [DEBUG]: [org.flywaydb.core.internal.database.base.Table] -- Locking table "PUBLIC"."flyway_schema_history"...
[2020-08-06 16:58:13] -- [DEBUG]: [org.flywaydb.core.internal.database.base.Table] -- Lock acquired for table "PUBLIC"."flyway_schema_history"
[2020-08-06 16:58:13] -- [DEBUG]: [org.flywaydb.core.internal.schemahistory.JdbcTableSchemaHistory] -- Schema History table "PUBLIC"."flyway_schema_history" successfully updated to reflect changes
[2020-08-06 16:58:13] -- [DEBUG]: [org.flywaydb.core.internal.database.base.Table] -- Locking table "PUBLIC"."flyway_schema_history"...
[2020-08-06 16:58:13] -- [DEBUG]: [org.flywaydb.core.internal.database.base.Table] -- Lock acquired for table "PUBLIC"."flyway_schema_history"
[2020-08-06 16:58:13] -- [DEBUG]: [org.flywaydb.core.internal.sqlscript.DefaultSqlScriptExecutor] -- Executing SQL: CREATE TABLE `test_` (
  `id` int(11) NOT NULL AUTO_INCREMENT,
  `name` varchar(30) DEFAULT NULL,
  PRIMARY KEY (`id`)
) ENGINE=InnoDB AUTO_INCREMENT=5 DEFAULT CHARSET=utf8
[2020-08-06 16:58:13] -- [DEBUG]: [org.flywaydb.core.internal.sqlscript.DefaultSqlScriptExecutor] -- Update Count: 0
[2020-08-06 16:58:13] -- [DEBUG]: [org.flywaydb.core.internal.sqlscript.DefaultSqlScriptExecutor] -- Executing SQL: INSERT INTO `test_` VALUES (1,'product 1'),(2,'product 2'),(3,'flyway db'),(4,'h2 product')
[2020-08-06 16:58:13] -- [DEBUG]: [org.flywaydb.core.internal.sqlscript.DefaultSqlScriptExecutor] -- Update Count: 4
[2020-08-06 16:58:13] -- [DEBUG]: [org.flywaydb.core.internal.command.DbMigrate] -- Successfully completed migration of schema "PUBLIC" to version 1.3 - Create  Test
[2020-08-06 16:58:13] -- [DEBUG]: [org.flywaydb.core.internal.database.base.Table] -- Locking table "PUBLIC"."flyway_schema_history"...
[2020-08-06 16:58:13] -- [DEBUG]: [org.flywaydb.core.internal.database.base.Table] -- Lock acquired for table "PUBLIC"."flyway_schema_history"
[2020-08-06 16:58:13] -- [DEBUG]: [org.flywaydb.core.internal.schemahistory.JdbcTableSchemaHistory] -- Schema History table "PUBLIC"."flyway_schema_history" successfully updated to reflect changes
[2020-08-06 16:58:13] -- [DEBUG]: [org.flywaydb.core.internal.database.base.Table] -- Locking table "PUBLIC"."flyway_schema_history"...
[2020-08-06 16:58:13] -- [DEBUG]: [org.flywaydb.core.internal.database.base.Table] -- Lock acquired for table "PUBLIC"."flyway_schema_history"
[2020-08-06 16:58:13] -- [DEBUG]: [org.flywaydb.core.Flyway] -- Memory usage: 46 of 233M
[2020-08-06 16:58:16] -- [DEBUG]: [org.mybatis.spring.SqlSessionUtils] -- Creating a new SqlSession
[2020-08-06 16:58:16] -- [DEBUG]: [org.mybatis.spring.SqlSessionUtils] -- Registering transaction synchronization for SqlSession [org.apache.ibatis.session.defaults.DefaultSqlSession@590765c4]
[2020-08-06 16:58:16] -- [DEBUG]: [org.mybatis.spring.transaction.SpringManagedTransaction] -- JDBC Connection [HikariProxyConnection@115139998 wrapping conn0: url=jdbc:h2:mem:test user=TEST] will be managed by Spring
[2020-08-06 16:58:16] -- [DEBUG]: [com.oyhp.demo.jacoco.mapper.CategoryMapper.add] -- ==>  Preparing: insert into category_ (name) values(?) 
[2020-08-06 16:58:16] -- [DEBUG]: [com.oyhp.demo.jacoco.mapper.CategoryMapper.add] -- ==> Parameters: test(String)
[2020-08-06 16:58:16] -- [DEBUG]: [com.oyhp.demo.jacoco.mapper.CategoryMapper.add] -- <==    Updates: 1
[2020-08-06 16:58:16] -- [DEBUG]: [org.mybatis.spring.SqlSessionUtils] -- Releasing transactional SqlSession [org.apache.ibatis.session.defaults.DefaultSqlSession@590765c4]
[2020-08-06 16:58:16] -- [DEBUG]: [org.mybatis.spring.SqlSessionUtils] -- Transaction synchronization committing SqlSession [org.apache.ibatis.session.defaults.DefaultSqlSession@590765c4]
[2020-08-06 16:58:16] -- [DEBUG]: [org.mybatis.spring.SqlSessionUtils] -- Transaction synchronization deregistering SqlSession [org.apache.ibatis.session.defaults.DefaultSqlSession@590765c4]
[2020-08-06 16:58:16] -- [DEBUG]: [org.mybatis.spring.SqlSessionUtils] -- Transaction synchronization closing SqlSession [org.apache.ibatis.session.defaults.DefaultSqlSession@590765c4]
[2020-08-06 16:58:16] -- [DEBUG]: [org.mybatis.spring.SqlSessionUtils] -- Creating a new SqlSession
[2020-08-06 16:58:16] -- [DEBUG]: [org.mybatis.spring.SqlSessionUtils] -- SqlSession [org.apache.ibatis.session.defaults.DefaultSqlSession@4262fdeb] was not registered for synchronization because synchronization is not active
[2020-08-06 16:58:16] -- [DEBUG]: [org.mybatis.spring.transaction.SpringManagedTransaction] -- JDBC Connection [HikariProxyConnection@1122661733 wrapping conn0: url=jdbc:h2:mem:test user=TEST] will not be managed by Spring
[2020-08-06 16:58:16] -- [DEBUG]: [com.oyhp.demo.jacoco.mapper.CategoryMapper.findAll] -- ==>  Preparing: select * from category_ 
[2020-08-06 16:58:16] -- [DEBUG]: [com.oyhp.demo.jacoco.mapper.CategoryMapper.findAll] -- ==> Parameters: 
[2020-08-06 16:58:16] -- [DEBUG]: [com.oyhp.demo.jacoco.mapper.CategoryMapper.findAll] -- <==      Total: 5
[2020-08-06 16:58:16] -- [DEBUG]: [org.mybatis.spring.SqlSessionUtils] -- Closing non transactional SqlSession [org.apache.ibatis.session.defaults.DefaultSqlSession@4262fdeb]
[2020-08-06 16:58:16] -- [DEBUG]: [org.mybatis.spring.SqlSessionUtils] -- Creating a new SqlSession
[2020-08-06 16:58:16] -- [DEBUG]: [org.mybatis.spring.SqlSessionUtils] -- SqlSession [org.apache.ibatis.session.defaults.DefaultSqlSession@7fdd43cd] was not registered for synchronization because synchronization is not active
[2020-08-06 16:58:16] -- [DEBUG]: [org.mybatis.spring.transaction.SpringManagedTransaction] -- JDBC Connection [HikariProxyConnection@976810274 wrapping conn0: url=jdbc:h2:mem:test user=TEST] will not be managed by Spring
[2020-08-06 16:58:16] -- [DEBUG]: [com.oyhp.demo.jacoco.mapper.CategoryMapper.findAll] -- ==>  Preparing: select * from category_ 
[2020-08-06 16:58:16] -- [DEBUG]: [com.oyhp.demo.jacoco.mapper.CategoryMapper.findAll] -- ==> Parameters: 
[2020-08-06 16:58:16] -- [DEBUG]: [com.oyhp.demo.jacoco.mapper.CategoryMapper.findAll] -- <==      Total: 5
[2020-08-06 16:58:16] -- [DEBUG]: [org.mybatis.spring.SqlSessionUtils] -- Closing non transactional SqlSession [org.apache.ibatis.session.defaults.DefaultSqlSession@7fdd43cd]
[2020-08-06 16:58:17] -- [DEBUG]: [org.mybatis.spring.SqlSessionUtils] -- Creating a new SqlSession
[2020-08-06 16:58:17] -- [DEBUG]: [org.mybatis.spring.SqlSessionUtils] -- SqlSession [org.apache.ibatis.session.defaults.DefaultSqlSession@15e1f8fe] was not registered for synchronization because synchronization is not active
[2020-08-06 16:58:17] -- [DEBUG]: [org.mybatis.spring.transaction.SpringManagedTransaction] -- JDBC Connection [HikariProxyConnection@285964343 wrapping conn0: url=jdbc:h2:mem:test user=TEST] will not be managed by Spring
[2020-08-06 16:58:17] -- [DEBUG]: [com.oyhp.demo.jacoco.mapper.CategoryMapper.findAll] -- ==>  Preparing: select * from category_ 
[2020-08-06 16:58:17] -- [DEBUG]: [com.oyhp.demo.jacoco.mapper.CategoryMapper.findAll] -- ==> Parameters: 
[2020-08-06 16:58:17] -- [DEBUG]: [com.oyhp.demo.jacoco.mapper.CategoryMapper.findAll] -- <==      Total: 5
[2020-08-06 16:58:17] -- [DEBUG]: [org.mybatis.spring.SqlSessionUtils] -- Closing non transactional SqlSession [org.apache.ibatis.session.defaults.DefaultSqlSession@15e1f8fe]
[2020-08-06 16:58:18] -- [DEBUG]: [com.zaxxer.hikari.pool.PoolBase] -- HikariPool-1 - Closing connection conn0: url=jdbc:h2:mem:test user=TEST: (connection evicted)
[2020-08-06 16:58:18] -- [DEBUG]: [com.zaxxer.hikari.pool.PoolBase] -- HikariPool-1 - Closing connection conn1: url=jdbc:h2:mem:test user=TEST: (connection evicted)
[2020-08-06 16:58:18] -- [DEBUG]: [com.zaxxer.hikari.pool.PoolBase] -- HikariPool-1 - Closing connection conn2: url=jdbc:h2:mem:test user=TEST: (connection evicted)
[2020-08-06 16:58:18] -- [DEBUG]: [com.zaxxer.hikari.pool.PoolBase] -- HikariPool-1 - Closing connection conn3: url=jdbc:h2:mem:test user=TEST: (connection evicted)
[2020-08-06 16:58:18] -- [DEBUG]: [com.zaxxer.hikari.pool.PoolBase] -- HikariPool-1 - Closing connection conn4: url=jdbc:h2:mem:test user=TEST: (connection evicted)
[2020-08-06 16:58:18] -- [DEBUG]: [com.zaxxer.hikari.pool.PoolBase] -- HikariPool-1 - Closing connection conn5: url=jdbc:h2:mem:test user=TEST: (connection evicted)
[2020-08-06 16:58:18] -- [DEBUG]: [com.zaxxer.hikari.pool.PoolBase] -- HikariPool-1 - Closing connection conn6: url=jdbc:h2:mem:test user=TEST: (connection evicted)
[2020-08-06 16:58:18] -- [DEBUG]: [com.zaxxer.hikari.pool.PoolBase] -- HikariPool-1 - Closing connection conn7: url=jdbc:h2:mem:test user=TEST: (connection evicted)
[2020-08-06 16:58:18] -- [DEBUG]: [com.zaxxer.hikari.pool.PoolBase] -- HikariPool-1 - Closing connection conn8: url=jdbc:h2:mem:test user=TEST: (connection evicted)
[2020-08-06 16:58:18] -- [DEBUG]: [com.zaxxer.hikari.pool.PoolBase] -- HikariPool-1 - Closing connection conn9: url=jdbc:h2:mem:test user=TEST: (connection evicted)
